Added Component: Designator=C25(0603)
Add component (AddParameter): Name = "3D model link"; Value = "Own design (0603)"; VariantName = "[No Variations]"
Add component (AddParameter): Name = "Assembly type"; Value = "SMD"; VariantName = "[No Variations]"
Add component (AddParameter): Name = "Footprint link"; Value = "Own design (0603)"; VariantName = "[No Variations]"
Add component (AddParameter): Name = "Model"; Value = ""; VariantName = "[No Variations]"
Add component (AddParameter): Name = "Quantity"; Value = ""; VariantName = "[No Variations]"
Add component (AddParameter): Name = "Shop link"; Value = ""; VariantName = "[No Variations]"
Add component (AddParameter): Name = "Value"; Value = "22p"; VariantName = "[No Variations]"
Add component (AddParameter): Name = "Voltage"; Value = ""; VariantName = "[No Variations]"
Added Component: Designator=C26(0603)
Add component (AddParameter): Name = "3D model link"; Value = "Own design (0603)"; VariantName = "[No Variations]"
Add component (AddParameter): Name = "Assembly type"; Value = "SMD"; VariantName = "[No Variations]"
Add component (AddParameter): Name = "Footprint link"; Value = "Own design (0603)"; VariantName = "[No Variations]"
Add component (AddParameter): Name = "Model"; Value = ""; VariantName = "[No Variations]"
Add component (AddParameter): Name = "Quantity"; Value = ""; VariantName = "[No Variations]"
Add component (AddParameter): Name = "Shop link"; Value = ""; VariantName = "[No Variations]"
Add component (AddParameter): Name = "Value"; Value = "22p"; VariantName = "[No Variations]"
Add component (AddParameter): Name = "Voltage"; Value = ""; VariantName = "[No Variations]"
Added Component: Designator=C27(0603)
Add component (AddParameter): Name = "3D model link"; Value = "Own design (0603)"; VariantName = "[No Variations]"
Add component (AddParameter): Name = "Assembly type"; Value = "SMD"; VariantName = "[No Variations]"
Add component (AddParameter): Name = "Footprint link"; Value = "Own design (0603)"; VariantName = "[No Variations]"
Add component (AddParameter): Name = "Model"; Value = ""; VariantName = "[No Variations]"
Add component (AddParameter): Name = "Quantity"; Value = ""; VariantName = "[No Variations]"
Add component (AddParameter): Name = "Shop link"; Value = ""; VariantName = "[No Variations]"
Add component (AddParameter): Name = "Value"; Value = "22p"; VariantName = "[No Variations]"
Add component (AddParameter): Name = "Voltage"; Value = ""; VariantName = "[No Variations]"
Added Component: Designator=C28(0603)
Add component (AddParameter): Name = "3D model link"; Value = "Own design (0603)"; VariantName = "[No Variations]"
Add component (AddParameter): Name = "Assembly type"; Value = "SMD"; VariantName = "[No Variations]"
Add component (AddParameter): Name = "Footprint link"; Value = "Own design (0603)"; VariantName = "[No Variations]"
Add component (AddParameter): Name = "Model"; Value = ""; VariantName = "[No Variations]"
Add component (AddParameter): Name = "Quantity"; Value = ""; VariantName = "[No Variations]"
Add component (AddParameter): Name = "Shop link"; Value = ""; VariantName = "[No Variations]"
Add component (AddParameter): Name = "Value"; Value = "22p"; VariantName = "[No Variations]"
Add component (AddParameter): Name = "Voltage"; Value = ""; VariantName = "[No Variations]"
Added Component: Designator=C29(0603)
Add component (AddParameter): Name = "3D model link"; Value = "Own design (0603)"; VariantName = "[No Variations]"
Add component (AddParameter): Name = "Assembly type"; Value = "SMD"; VariantName = "[No Variations]"
Add component (AddParameter): Name = "Footprint link"; Value = "Own design (0603)"; VariantName = "[No Variations]"
Add component (AddParameter): Name = "Model"; Value = ""; VariantName = "[No Variations]"
Add component (AddParameter): Name = "Quantity"; Value = ""; VariantName = "[No Variations]"
Add component (AddParameter): Name = "Shop link"; Value = ""; VariantName = "[No Variations]"
Add component (AddParameter): Name = "Value"; Value = "100n"; VariantName = "[No Variations]"
Add component (AddParameter): Name = "Voltage"; Value = ""; VariantName = "[No Variations]"
Added Component: Designator=C30(0603)
Add component (AddParameter): Name = "3D model link"; Value = "Own design (0603)"; VariantName = "[No Variations]"
Add component (AddParameter): Name = "Assembly type"; Value = "SMD"; VariantName = "[No Variations]"
Add component (AddParameter): Name = "Footprint link"; Value = "Own design (0603)"; VariantName = "[No Variations]"
Add component (AddParameter): Name = "Model"; Value = ""; VariantName = "[No Variations]"
Add component (AddParameter): Name = "Quantity"; Value = ""; VariantName = "[No Variations]"
Add component (AddParameter): Name = "Shop link"; Value = ""; VariantName = "[No Variations]"
Add component (AddParameter): Name = "Value"; Value = "100n"; VariantName = "[No Variations]"
Add component (AddParameter): Name = "Voltage"; Value = ""; VariantName = "[No Variations]"
Added Component: Designator=C31(0603)
Add component (AddParameter): Name = "3D model link"; Value = "Own design (0603)"; VariantName = "[No Variations]"
Add component (AddParameter): Name = "Assembly type"; Value = "SMD"; VariantName = "[No Variations]"
Add component (AddParameter): Name = "Footprint link"; Value = "Own design (0603)"; VariantName = "[No Variations]"
Add component (AddParameter): Name = "Model"; Value = ""; VariantName = "[No Variations]"
Add component (AddParameter): Name = "Quantity"; Value = ""; VariantName = "[No Variations]"
Add component (AddParameter): Name = "Shop link"; Value = ""; VariantName = "[No Variations]"
Add component (AddParameter): Name = "Value"; Value = "100n"; VariantName = "[No Variations]"
Add component (AddParameter): Name = "Voltage"; Value = ""; VariantName = "[No Variations]"
Added Component: Designator=C32(0603)
Add component (AddParameter): Name = "3D model link"; Value = "Own design (0603)"; VariantName = "[No Variations]"
Add component (AddParameter): Name = "Assembly type"; Value = "SMD"; VariantName = "[No Variations]"
Add component (AddParameter): Name = "Footprint link"; Value = "Own design (0603)"; VariantName = "[No Variations]"
Add component (AddParameter): Name = "Model"; Value = ""; VariantName = "[No Variations]"
Add component (AddParameter): Name = "Quantity"; Value = ""; VariantName = "[No Variations]"
Add component (AddParameter): Name = "Shop link"; Value = ""; VariantName = "[No Variations]"
Add component (AddParameter): Name = "Value"; Value = "100n"; VariantName = "[No Variations]"
Add component (AddParameter): Name = "Voltage"; Value = ""; VariantName = "[No Variations]"
Added Component: Designator=C33(0603)
Add component (AddParameter): Name = "3D model link"; Value = "Own design (0603)"; VariantName = "[No Variations]"
Add component (AddParameter): Name = "Assembly type"; Value = "SMD"; VariantName = "[No Variations]"
Add component (AddParameter): Name = "Footprint link"; Value = "Own design (0603)"; VariantName = "[No Variations]"
Add component (AddParameter): Name = "Model"; Value = ""; VariantName = "[No Variations]"
Add component (AddParameter): Name = "Quantity"; Value = ""; VariantName = "[No Variations]"
Add component (AddParameter): Name = "Shop link"; Value = ""; VariantName = "[No Variations]"
Add component (AddParameter): Name = "Value"; Value = "100n"; VariantName = "[No Variations]"
Add component (AddParameter): Name = "Voltage"; Value = ""; VariantName = "[No Variations]"
Added Component: Designator=C34(0603)
Add component (AddParameter): Name = "3D model link"; Value = "Own design (0603)"; VariantName = "[No Variations]"
Add component (AddParameter): Name = "Assembly type"; Value = "SMD"; VariantName = "[No Variations]"
Add component (AddParameter): Name = "Footprint link"; Value = "Own design (0603)"; VariantName = "[No Variations]"
Add component (AddParameter): Name = "Model"; Value = ""; VariantName = "[No Variations]"
Add component (AddParameter): Name = "Quantity"; Value = ""; VariantName = "[No Variations]"
Add component (AddParameter): Name = "Shop link"; Value = ""; VariantName = "[No Variations]"
Add component (AddParameter): Name = "Value"; Value = "100n"; VariantName = "[No Variations]"
Add component (AddParameter): Name = "Voltage"; Value = ""; VariantName = "[No Variations]"
Added Component: Designator=C35(0603)
Add component (AddParameter): Name = "3D model link"; Value = "Own design (0603)"; VariantName = "[No Variations]"
Add component (AddParameter): Name = "Assembly type"; Value = "SMD"; VariantName = "[No Variations]"
Add component (AddParameter): Name = "Footprint link"; Value = "Own design (0603)"; VariantName = "[No Variations]"
Add component (AddParameter): Name = "Model"; Value = ""; VariantName = "[No Variations]"
Add component (AddParameter): Name = "Quantity"; Value = ""; VariantName = "[No Variations]"
Add component (AddParameter): Name = "Shop link"; Value = ""; VariantName = "[No Variations]"
Add component (AddParameter): Name = "Value"; Value = "100n"; VariantName = "[No Variations]"
Add component (AddParameter): Name = "Voltage"; Value = ""; VariantName = "[No Variations]"
Added Component: Designator=C36(0603)
Add component (AddParameter): Name = "3D model link"; Value = "Own design (0603)"; VariantName = "[No Variations]"
Add component (AddParameter): Name = "Assembly type"; Value = "SMD"; VariantName = "[No Variations]"
Add component (AddParameter): Name = "Footprint link"; Value = "Own design (0603)"; VariantName = "[No Variations]"
Add component (AddParameter): Name = "Model"; Value = ""; VariantName = "[No Variations]"
Add component (AddParameter): Name = "Quantity"; Value = ""; VariantName = "[No Variations]"
Add component (AddParameter): Name = "Shop link"; Value = ""; VariantName = "[No Variations]"
Add component (AddParameter): Name = "Value"; Value = "100n"; VariantName = "[No Variations]"
Add component (AddParameter): Name = "Voltage"; Value = ""; VariantName = "[No Variations]"
Added Component: Designator=C37(0603)
Add component (AddParameter): Name = "3D model link"; Value = "Own design (0603)"; VariantName = "[No Variations]"
Add component (AddParameter): Name = "Assembly type"; Value = "SMD"; VariantName = "[No Variations]"
Add component (AddParameter): Name = "Footprint link"; Value = "Own design (0603)"; VariantName = "[No Variations]"
Add component (AddParameter): Name = "Model"; Value = ""; VariantName = "[No Variations]"
Add component (AddParameter): Name = "Quantity"; Value = ""; VariantName = "[No Variations]"
Add component (AddParameter): Name = "Shop link"; Value = ""; VariantName = "[No Variations]"
Add component (AddParameter): Name = "Value"; Value = "100n"; VariantName = "[No Variations]"
Add component (AddParameter): Name = "Voltage"; Value = ""; VariantName = "[No Variations]"
Added Component: Designator=C38(0603)
Add component (AddParameter): Name = "3D model link"; Value = "Own design (0603)"; VariantName = "[No Variations]"
Add component (AddParameter): Name = "Assembly type"; Value = "SMD"; VariantName = "[No Variations]"
Add component (AddParameter): Name = "Footprint link"; Value = "Own design (0603)"; VariantName = "[No Variations]"
Add component (AddParameter): Name = "Model"; Value = ""; VariantName = "[No Variations]"
Add component (AddParameter): Name = "Quantity"; Value = ""; VariantName = "[No Variations]"
Add component (AddParameter): Name = "Shop link"; Value = ""; VariantName = "[No Variations]"
Add component (AddParameter): Name = "Value"; Value = "100n"; VariantName = "[No Variations]"
Add component (AddParameter): Name = "Voltage"; Value = ""; VariantName = "[No Variations]"
Added Component: Designator=C39(0603)
Add component (AddParameter): Name = "3D model link"; Value = "Own design (0603)"; VariantName = "[No Variations]"
Add component (AddParameter): Name = "Assembly type"; Value = "SMD"; VariantName = "[No Variations]"
Add component (AddParameter): Name = "Footprint link"; Value = "Own design (0603)"; VariantName = "[No Variations]"
Add component (AddParameter): Name = "Model"; Value = ""; VariantName = "[No Variations]"
Add component (AddParameter): Name = "Quantity"; Value = ""; VariantName = "[No Variations]"
Add component (AddParameter): Name = "Shop link"; Value = ""; VariantName = "[No Variations]"
Add component (AddParameter): Name = "Value"; Value = "100n"; VariantName = "[No Variations]"
Add component (AddParameter): Name = "Voltage"; Value = ""; VariantName = "[No Variations]"
Added Component: Designator=D1(FP-BAT60JFILM-MFG)
Add component (AddParameter): Name = "3D model"; Value = "https://octopart.com/search?autosugg_idx=0&currency=USD&oq=BAT60JFILM&q=BAT60JFILM&specs=1"; VariantName = "[No Variations]"
Add component (AddParameter): Name = "Average Rectified Current"; Value = "3A"; VariantName = "[No Variations]"
Add component (AddParameter): Name = "Contact Plating"; Value = "Tin"; VariantName = "[No Variations]"
Add component (AddParameter): Name = "Current"; Value = "3A"; VariantName = "[No Variations]"
Add component (AddParameter): Name = "Current Rating"; Value = "3A"; VariantName = "[No Variations]"
Add component (AddParameter): Name = "Element Configuration"; Value = "Single"; VariantName = "[No Variations]"
Add component (AddParameter): Name = "Footprint model"; Value = "https://octopart.com/search?autosugg_idx=0&currency=USD&oq=BAT60JFILM&q=BAT60JFILM&specs=1"; VariantName = "[No Variations]"
Add component (AddParameter): Name = "Forward Current"; Value = "3A"; VariantName = "[No Variations]"
Add component (AddParameter): Name = "Forward Voltage"; Value = "580mV"; VariantName = "[No Variations]"
Add component (AddParameter): Name = "Height"; Value = "1.07mm"; VariantName = "[No Variations]"
Add component (AddParameter): Name = "Lead Free"; Value = "Lead Free"; VariantName = "[No Variations]"
Add component (AddParameter): Name = "Length"; Value = "1.8mm"; VariantName = "[No Variations]"
Add component (AddParameter): Name = "Max Forward Surge Current (Ifsm)"; Value = "5A"; VariantName = "[No Variations]"
Add component (AddParameter): Name = "Max Operating Temperature"; Value = "150°C"; VariantName = "[No Variations]"
Add component (AddParameter): Name = "Max Repetitive Reverse Voltage (Vrrm)"; Value = "10V"; VariantName = "[No Variations]"
Add component (AddParameter): Name = "Max Reverse Leakage Current"; Value = "7.5uA"; VariantName = "[No Variations]"
Add component (AddParameter): Name = "Max Reverse Voltage (DC)"; Value = "10V"; VariantName = "[No Variations]"
Add component (AddParameter): Name = "Max Surge Current"; Value = "5A"; VariantName = "[No Variations]"
Add component (AddParameter): Name = "Min Operating Temperature"; Value = "-65°C"; VariantName = "[No Variations]"
Add component (AddParameter): Name = "Mount"; Value = "Surface Mount"; VariantName = "[No Variations]"
Add component (AddParameter): Name = "Number of Pins"; Value = "2"; VariantName = "[No Variations]"
Add component (AddParameter): Name = "Package Quantity"; Value = "1"; VariantName = "[No Variations]"
Add component (AddParameter): Name = "Packaging"; Value = "Tape and Reel"; VariantName = "[No Variations]"
Add component (AddParameter): Name = "Peak Non-Repetitive Surge Current"; Value = "5A"; VariantName = "[No Variations]"
Add component (AddParameter): Name = "Peak Reverse Current"; Value = "7.5uA"; VariantName = "[No Variations]"
Add component (AddParameter): Name = "Polarity"; Value = "Standard"; VariantName = "[No Variations]"
Add component (AddParameter): Name = "Radiation Hardening"; Value = "No"; VariantName = "[No Variations]"
Add component (AddParameter): Name = "REACH SVHC"; Value = "No SVHC"; VariantName = "[No Variations]"
Add component (AddParameter): Name = "Shop link"; Value = "RS-Components: @7146879P"; VariantName = "[No Variations]"
Add component (AddParameter): Name = "Voltage"; Value = "10V"; VariantName = "[No Variations]"
Add component (AddParameter): Name = "Weight"; Value = "0.01lb"; VariantName = "[No Variations]"
Add component (AddParameter): Name = "Width"; Value = "1.45mm"; VariantName = "[No Variations]"
Added Component: Designator=D4(FP-SMA-MFG)
Add component (AddParameter): Name = "3D model"; Value = "https://octopart.com/b340a-13-f-diodes+inc.-325815?r=sp"; VariantName = "[No Variations]"
Add component (AddParameter): Name = "Average Rectified Current"; Value = "3A"; VariantName = "[No Variations]"
Add component (AddParameter): Name = "Capacitance"; Value = "250pF"; VariantName = "[No Variations]"
Add component (AddParameter): Name = "Case/Package"; Value = "SMA"; VariantName = "[No Variations]"
Add component (AddParameter): Name = "Contact Plating"; Value = "Tin"; VariantName = "[No Variations]"
Add component (AddParameter): Name = "Current"; Value = "3A"; VariantName = "[No Variations]"
Add component (AddParameter): Name = "Current Rating"; Value = "3A"; VariantName = "[No Variations]"
Add component (AddParameter): Name = "Element Configuration"; Value = "Single"; VariantName = "[No Variations]"
Add component (AddParameter): Name = "Footprint model"; Value = "https://octopart.com/b340a-13-f-diodes+inc.-325815?r=sp"; VariantName = "[No Variations]"
Add component (AddParameter): Name = "Forward Current"; Value = "3A"; VariantName = "[No Variations]"
Add component (AddParameter): Name = "Forward Voltage"; Value = "500mV"; VariantName = "[No Variations]"
Add component (AddParameter): Name = "Height"; Value = "2.3mm"; VariantName = "[No Variations]"
Add component (AddParameter): Name = "Lead Free"; Value = "Lead Free"; VariantName = "[No Variations]"
Add component (AddParameter): Name = "Length"; Value = "4.6mm"; VariantName = "[No Variations]"
Add component (AddParameter): Name = "Max Forward Surge Current (Ifsm)"; Value = "80A"; VariantName = "[No Variations]"
Add component (AddParameter): Name = "Max Operating Temperature"; Value = "125°C"; VariantName = "[No Variations]"
Add component (AddParameter): Name = "Max Repetitive Reverse Voltage (Vrrm)"; Value = "40V"; VariantName = "[No Variations]"
Add component (AddParameter): Name = "Max Reverse Voltage (DC)"; Value = "40V"; VariantName = "[No Variations]"
Add component (AddParameter): Name = "Min Operating Temperature"; Value = "-55°C"; VariantName = "[No Variations]"
Add component (AddParameter): Name = "Mount"; Value = "Surface Mount"; VariantName = "[No Variations]"
Add component (AddParameter): Name = "Number of Pins"; Value = "2"; VariantName = "[No Variations]"
Add component (AddParameter): Name = "Output Current"; Value = "3A"; VariantName = "[No Variations]"
Add component (AddParameter): Name = "Package Quantity"; Value = "5000"; VariantName = "[No Variations]"
Add component (AddParameter): Name = "Packaging"; Value = "Tape and Reel"; VariantName = "[No Variations]"
Add component (AddParameter): Name = "Peak Non-Repetitive Surge Current"; Value = "80A"; VariantName = "[No Variations]"
Add component (AddParameter): Name = "Peak Reverse Current"; Value = "500uA"; VariantName = "[No Variations]"
Add component (AddParameter): Name = "Polarity"; Value = "Standard"; VariantName = "[No Variations]"
Add component (AddParameter): Name = "Radiation Hardening"; Value = "No"; VariantName = "[No Variations]"
Add component (AddParameter): Name = "REACH SVHC"; Value = "No SVHC"; VariantName = "[No Variations]"
Add component (AddParameter): Name = "Shop link"; Value = "RS Components: @7384778P"; VariantName = "[No Variations]"
Add component (AddParameter): Name = "Termination"; Value = "SMD/SMT"; VariantName = "[No Variations]"
Add component (AddParameter): Name = "Voltage"; Value = "40V"; VariantName = "[No Variations]"
Add component (AddParameter): Name = "Voltage Rating (DC)"; Value = "40V"; VariantName = "[No Variations]"
Add component (AddParameter): Name = "Weight"; Value = "0.002258oz"; VariantName = "[No Variations]"
Add component (AddParameter): Name = "Width"; Value = "2.92mm"; VariantName = "[No Variations]"
Added Component: Designator=J1(FP-M50-2000005-MFG)
Add component (AddParameter): Name = "Color"; Value = "Black"; VariantName = "[No Variations]"
Add component (AddParameter): Name = "Contact Material"; Value = "Copper Alloy"; VariantName = "[No Variations]"
Add component (AddParameter): Name = "Contact Plating"; Value = "Gold"; VariantName = "[No Variations]"
Add component (AddParameter): Name = "Contact Resistance"; Value = "20mR"; VariantName = "[No Variations]"
Add component (AddParameter): Name = "Current Rating"; Value = "1A"; VariantName = "[No Variations]"
Add component (AddParameter): Name = "Depth"; Value = "5.5mm"; VariantName = "[No Variations]"
Add component (AddParameter): Name = "Flammability Rating"; Value = "UL94 V-0"; VariantName = "[No Variations]"
Add component (AddParameter): Name = "Height"; Value = "0.217inch"; VariantName = "[No Variations]"
Add component (AddParameter): Name = "Housing Color"; Value = "Blue"; VariantName = "[No Variations]"
Add component (AddParameter): Name = "Housing Material"; Value = "Nylon"; VariantName = "[No Variations]"
Add component (AddParameter): Name = "Insulation Resistance"; Value = "1R"; VariantName = "[No Variations]"
Add component (AddParameter): Name = "Length"; Value = "2.5mm"; VariantName = "[No Variations]"
Add component (AddParameter): Name = "Max Current Rating"; Value = "1A"; VariantName = "[No Variations]"
Add component (AddParameter): Name = "Max Operating Temperature"; Value = "105°C"; VariantName = "[No Variations]"
Add component (AddParameter): Name = "Min Operating Temperature"; Value = "-40°C"; VariantName = "[No Variations]"
Add component (AddParameter): Name = "Number of Contacts"; Value = "2"; VariantName = "[No Variations]"
Add component (AddParameter): Name = "Number of Positions"; Value = "2"; VariantName = "[No Variations]"
Add component (AddParameter): Name = "Number of Rows"; Value = "1"; VariantName = "[No Variations]"
Add component (AddParameter): Name = "Orientation"; Value = "Straight"; VariantName = "[No Variations]"
Add component (AddParameter): Name = "Package Quantity"; Value = "1000"; VariantName = "[No Variations]"
Add component (AddParameter): Name = "Packaging"; Value = "Bulk"; VariantName = "[No Variations]"
Add component (AddParameter): Name = "Pitch"; Value = "1.27mm"; VariantName = "[No Variations]"
Add component (AddParameter): Name = "REACH SVHC"; Value = "No SVHC"; VariantName = "[No Variations]"
Add component (AddParameter): Name = "RoHS Compliant"; Value = "Yes"; VariantName = "[No Variations]"
Add component (AddParameter): Name = "Series"; Value = "Archer M50"; VariantName = "[No Variations]"
Add component (AddParameter): Name = "Voltage Rating"; Value = "500V"; VariantName = "[No Variations]"
Added Component: Designator=J2(FP-M50-2000005-MFG)
Add component (AddParameter): Name = "Color"; Value = "Black"; VariantName = "[No Variations]"
Add component (AddParameter): Name = "Contact Material"; Value = "Copper Alloy"; VariantName = "[No Variations]"
Add component (AddParameter): Name = "Contact Plating"; Value = "Gold"; VariantName = "[No Variations]"
Add component (AddParameter): Name = "Contact Resistance"; Value = "20mR"; VariantName = "[No Variations]"
Add component (AddParameter): Name = "Current Rating"; Value = "1A"; VariantName = "[No Variations]"
Add component (AddParameter): Name = "Depth"; Value = "5.5mm"; VariantName = "[No Variations]"
Add component (AddParameter): Name = "Flammability Rating"; Value = "UL94 V-0"; VariantName = "[No Variations]"
Add component (AddParameter): Name = "Height"; Value = "0.217inch"; VariantName = "[No Variations]"
Add component (AddParameter): Name = "Housing Color"; Value = "Blue"; VariantName = "[No Variations]"
Add component (AddParameter): Name = "Housing Material"; Value = "Nylon"; VariantName = "[No Variations]"
Add component (AddParameter): Name = "Insulation Resistance"; Value = "1R"; VariantName = "[No Variations]"
Add component (AddParameter): Name = "Length"; Value = "2.5mm"; VariantName = "[No Variations]"
Add component (AddParameter): Name = "Max Current Rating"; Value = "1A"; VariantName = "[No Variations]"
Add component (AddParameter): Name = "Max Operating Temperature"; Value = "105°C"; VariantName = "[No Variations]"
Add component (AddParameter): Name = "Min Operating Temperature"; Value = "-40°C"; VariantName = "[No Variations]"
Add component (AddParameter): Name = "Number of Contacts"; Value = "2"; VariantName = "[No Variations]"
Add component (AddParameter): Name = "Number of Positions"; Value = "2"; VariantName = "[No Variations]"
Add component (AddParameter): Name = "Number of Rows"; Value = "1"; VariantName = "[No Variations]"
Add component (AddParameter): Name = "Orientation"; Value = "Straight"; VariantName = "[No Variations]"
Add component (AddParameter): Name = "Package Quantity"; Value = "1000"; VariantName = "[No Variations]"
Add component (AddParameter): Name = "Packaging"; Value = "Bulk"; VariantName = "[No Variations]"
Add component (AddParameter): Name = "Pitch"; Value = "1.27mm"; VariantName = "[No Variations]"
Add component (AddParameter): Name = "REACH SVHC"; Value = "No SVHC"; VariantName = "[No Variations]"
Add component (AddParameter): Name = "RoHS Compliant"; Value = "Yes"; VariantName = "[No Variations]"
Add component (AddParameter): Name = "Series"; Value = "Archer M50"; VariantName = "[No Variations]"
Add component (AddParameter): Name = "Voltage Rating"; Value = "500V"; VariantName = "[No Variations]"
Added Component: Designator=J3(PHOE-1729128-2_V)
Add component (AddParameter): Name = "3D model"; Value = "https://octopart.com/1729128-phoenix+contact-4366?r=sp"; VariantName = "[No Variations]"
Add component (AddParameter): Name = "Current"; Value = "13.5A"; VariantName = "[No Variations]"
Add component (AddParameter): Name = "Current Rating"; Value = "13500mA"; VariantName = "[No Variations]"
Add component (AddParameter): Name = "Datasheet URL"; Value = "https://datasheet.ciiva.com/16046/1729128-16046181.pdf"; VariantName = "[No Variations]"
Add component (AddParameter): Name = "Datasheet Version"; Value = "12/2013"; VariantName = "[No Variations]"
Add component (AddParameter): Name = "Footprint model"; Value = "https://octopart.com/1729128-phoenix+contact-4366?r=sp"; VariantName = "[No Variations]"
Add component (AddParameter): Name = "Manufacturer"; Value = "Phoenix Contact"; VariantName = "[No Variations]"
Add component (AddParameter): Name = "Manufacturer URL"; Value = "http://www.phoenixcontact.com/"; VariantName = "[No Variations]"
Add component (AddParameter): Name = "Mounting Technology"; Value = "ThroughHole"; VariantName = "[No Variations]"
Add component (AddParameter): Name = "No. of Positions"; Value = "2"; VariantName = "[No Variations]"
Add component (AddParameter): Name = "No. of Rows"; Value = "1"; VariantName = "[No Variations]"
Add component (AddParameter): Name = "Orientation"; Value = "Horizontal"; VariantName = "[No Variations]"
Add component (AddParameter): Name = "Package Description"; Value = "2-Pin Through Hole Device, Body 8.1 x 10.16 mm, Pitch 5.08 mm"; VariantName = "[No Variations]"
Add component (AddParameter): Name = "Package Reference"; Value = "1729128-2"; VariantName = "[No Variations]"
Add component (AddParameter): Name = "Package URL"; Value = "https://www.phoenixcontact.com/online/portal/pi/pxc/product_detail_page/!ut/p/b1/3VdJjqNKFDxLH8AFycySyWY2ozFsEPOMMQaDOX1XedGL_1Vdm5YXJleknhSKeBkvI6EA8ncAo3AYoDhBQGco6KN7VURTdemj9us_IEKEZo_YHiPAEWEFmDGOHMORkqKYCORBZxgL7ZoaZYcbFFUZ3fqxSY6GOuxydWUuHqz1ynmMFygu583Bob0Ewr6Sd_l-5m-kAueHiB0jpRwZwe58wwtkpxtMYd_LmGcDRU02dRNEyWt6Y2ti5pSyJ_reIkzIulrqApdnbT11V5jnCKbYNCvhEM1MCpPByat_X379-iThf08CI5GfOPqfBeS3BRoBOdD55AKVv0iLwCMq-2BrzXWSGRH7pUGD9uwXQjiph3xL0DKQwdGa0JImiIOmBNOestqgwTHSSs2oOep-78apyXQBvNi8ZLaFjvjWvcaUEBu0MC6Wbe-d6mB0FAebo2lUWinqYaZs5DAYzV0RP9yitUjnGJ0iI9xhZkT42OCQNUJJhkgWINNQLP2JFP6OpMg3JCVg70jqHT0lvKOnhHf0lPuOnnLf0VPuWx6_dxwUIvwk5WMkT0kLL1mh61l2yZVSzG3pYV_bqo-mj6uMKwKwdnnW8Jh5RTOJzMOA5c-eJDaZQw4mTMPH02PvS_ZAqNVjVTo2WyYLkwH_KU1mmmG5kjRhDqPXLwwVHvVOjCM60-fpXvTDfMGW1PVFVS1r4e4yVDk4ZdNbkUHvqPqQSeian4UD39fNKmachqdJ1NJbyk8rXT9mXTvPk3oE5meulKGgiruPJek-4I9hTT6G8ZLOyRSm2RRVbThERQad5OS28hdt4YW4vG0stgYYzsWsK4_7y6DZMjJSCqri1kyiZR5vD7pwIrNR7QwPHTcLTI5qT7eRlpHrdGiupYlqQDJ7zy_CND8fWWBoLRXxk1RVcXiBQwbTD4Xi7KL-FuO94t9xaqweXzH"; VariantName = "[No Variations]"
Add component (AddParameter): Name = "Package Version"; Value = "03/2015"; VariantName = "[No Variations]"
Add component (AddParameter): Name = "Packing"; Value = "Bulk"; VariantName = "[No Variations]"
Add component (AddParameter): Name = "PartNumber"; Value = "1729128"; VariantName = "[No Variations]"
Add component (AddParameter): Name = "Pitch"; Value = "5.08mm"; VariantName = "[No Variations]"
Add component (AddParameter): Name = "RoHS"; Value = "TRUE"; VariantName = "[No Variations]"
Add component (AddParameter): Name = "Shop link"; Value = "Digi-Key: @277-1247-ND"; VariantName = "[No Variations]"
Add component (AddParameter): Name = "Voltage"; Value = "400V"; VariantName = "[No Variations]"
Added Component: Designator=JP1(Jumper_1x2_raster_2_54mm)
Add component (AddParameter): Name = "3D model link"; Value = "Own design"; VariantName = "[No Variations]"
Add component (AddParameter): Name = "Footprint link"; Value = "Own design"; VariantName = "[No Variations]"
Add component (AddParameter): Name = "Value"; Value = "Raster 2.54 mm"; VariantName = "[No Variations]"
Added Component: Designator=JP2(Jumper_1x2_raster_2_54mm)
Add component (AddParameter): Name = "3D model link"; Value = "Own design"; VariantName = "[No Variations]"
Add component (AddParameter): Name = "Footprint link"; Value = "Own design"; VariantName = "[No Variations]"
Add component (AddParameter): Name = "Value"; Value = "Raster 2.54 mm"; VariantName = "[No Variations]"
Added Component: Designator=JP3(Jumper_1x2_raster_2_54mm)
Add component (AddParameter): Name = "3D model link"; Value = "Own design"; VariantName = "[No Variations]"
Add component (AddParameter): Name = "Footprint link"; Value = "Own design"; VariantName = "[No Variations]"
Add component (AddParameter): Name = "Value"; Value = "Raster 2.54 mm"; VariantName = "[No Variations]"
Added Component: Designator=JP4(Jumper_1x2_raster_2_54mm)
Add component (AddParameter): Name = "3D model link"; Value = "Own design"; VariantName = "[No Variations]"
Add component (AddParameter): Name = "Footprint link"; Value = "Own design"; VariantName = "[No Variations]"
Add component (AddParameter): Name = "Value"; Value = "Raster 2.54 mm"; VariantName = "[No Variations]"
Added Component: Designator=L1(FP-IHLP-2525CZ-FP_2_413x3-MFG)
Add component (AddParameter): Name = "3D model"; Value = "https://octopart.com/ihlp2525czer6r8m01-vishay-39619540?r=sp#CadModels"; VariantName = "[No Variations]"
Add component (AddParameter): Name = "Case Code (Imperial)"; Value = "2525"; VariantName = "[No Variations]"
Add component (AddParameter): Name = "Case Code (Metric)"; Value = "6363"; VariantName = "[No Variations]"
Add component (AddParameter): Name = "Case/Package"; Value = "2525"; VariantName = "[No Variations]"
Add component (AddParameter): Name = "Contact Plating"; Value = "Tin"; VariantName = "[No Variations]"
Add component (AddParameter): Name = "Core Material"; Value = "Metal"; VariantName = "[No Variations]"
Add component (AddParameter): Name = "Current"; Value = "4.5A"; VariantName = "[No Variations]"
Add component (AddParameter): Name = "Current Rating"; Value = "4.5A"; VariantName = "[No Variations]"
Add component (AddParameter): Name = "DC Resistance (DCR)"; Value = "60mR"; VariantName = "[No Variations]"
Add component (AddParameter): Name = "Depth"; Value = "6.72mm"; VariantName = "[No Variations]"
Add component (AddParameter): Name = "Footprint model"; Value = "https://octopart.com/ihlp2525czer6r8m01-vishay-39619540?r=sp#CadModels"; VariantName = "[No Variations]"
Add component (AddParameter): Name = "Height"; Value = "3mm"; VariantName = "[No Variations]"
Add component (AddParameter): Name = "Height - Seated (Max)"; Value = "0.118inch"; VariantName = "[No Variations]"
Add component (AddParameter): Name = "Inductance"; Value = "6.8uH"; VariantName = "[No Variations]"
Add component (AddParameter): Name = "Inductance Tolerance"; Value = "20%"; VariantName = "[No Variations]"
Add component (AddParameter): Name = "Lead Free"; Value = "Lead Free"; VariantName = "[No Variations]"
Add component (AddParameter): Name = "Length"; Value = "7.24mm"; VariantName = "[No Variations]"
Add component (AddParameter): Name = "Max DC Current"; Value = "8A"; VariantName = "[No Variations]"
Add component (AddParameter): Name = "Max Operating Temperature"; Value = "125°C"; VariantName = "[No Variations]"
Add component (AddParameter): Name = "Military Standard"; Value = "Not"; VariantName = "[No Variations]"
Add component (AddParameter): Name = "Min Operating Temperature"; Value = "-55°C"; VariantName = "[No Variations]"
Add component (AddParameter): Name = "Mount"; Value = "Surface Mount"; VariantName = "[No Variations]"
Add component (AddParameter): Name = "Number of Pins"; Value = "2"; VariantName = "[No Variations]"
Add component (AddParameter): Name = "Package Quantity"; Value = "2000"; VariantName = "[No Variations]"
Add component (AddParameter): Name = "Packaging"; Value = "Tape and Reel"; VariantName = "[No Variations]"
Add component (AddParameter): Name = "Radiation Hardening"; Value = "No"; VariantName = "[No Variations]"
Add component (AddParameter): Name = "RMS Current (Irms)"; Value = "4.5A"; VariantName = "[No Variations]"
Add component (AddParameter): Name = "Saturation Current"; Value = "8A"; VariantName = "[No Variations]"
Add component (AddParameter): Name = "Self Resonant Frequency"; Value = "5MHz"; VariantName = "[No Variations]"
Add component (AddParameter): Name = "Shielding"; Value = "Shielded"; VariantName = "[No Variations]"
Add component (AddParameter): Name = "Shop link"; Value = "Mouser: @70-IHLP2525CZER6R8M1"; VariantName = "[No Variations]"
Add component (AddParameter): Name = "Termination"; Value = "SMD/SMT"; VariantName = "[No Variations]"
Add component (AddParameter): Name = "Test Frequency"; Value = "100kHz"; VariantName = "[No Variations]"
Add component (AddParameter): Name = "Tolerance"; Value = "20%"; VariantName = "[No Variations]"
Add component (AddParameter): Name = "Width"; Value = "0.255inch"; VariantName = "[No Variations]"
Added Component: Designator=Q1(ONSC-CPH-3_V)
Add component (AddParameter): Name = "3D model"; Value = "https://octopart.com/30c02ch-tl-e-onsemi-20815499?r=sp#Specs"; VariantName = "[No Variations]"
Add component (AddParameter): Name = "ComponentLink1Description"; Value = "Manufacturer URL"; VariantName = "[No Variations]"
Add component (AddParameter): Name = "ComponentLink1URL"; Value = "http://www.onsemi.com/"; VariantName = "[No Variations]"
Add component (AddParameter): Name = "ComponentLink2Description"; Value = "Datasheet"; VariantName = "[No Variations]"
Add component (AddParameter): Name = "ComponentLink2URL"; Value = "http://www.onsemi.com/pub_link/Collateral/30C02CH-D.PDF"; VariantName = "[No Variations]"
Add component (AddParameter): Name = "ComponentLink3Description"; Value = "Package Specification"; VariantName = "[No Variations]"
Add component (AddParameter): Name = "ComponentLink3URL"; Value = "http://www.onsemi.com/pub_link/Collateral/50A02CH-D.PDF"; VariantName = "[No Variations]"
Add component (AddParameter): Name = "Current"; Value = "0.7 A"; VariantName = "[No Variations]"
Add component (AddParameter): Name = "Footprint model"; Value = "https://octopart.com/30c02ch-tl-e-onsemi-20815499?r=sp#Specs"; VariantName = "[No Variations]"
Add component (AddParameter): Name = "IC Continuous (A)"; Value = "0.7"; VariantName = "[No Variations]"
Add component (AddParameter): Name = "Manufacturer"; Value = "On Semiconductor"; VariantName = "[No Variations]"
Add component (AddParameter): Name = "Mounting Technology"; Value = "Surface Mount"; VariantName = "[No Variations]"
Add component (AddParameter): Name = "PackageDescription"; Value = "3-Pin Small Outline Transistor, Body 2.9 x 1.6 mm, Pitch 0.95 mm"; VariantName = "[No Variations]"
Add component (AddParameter): Name = "PackageReference"; Value = "CPH-3"; VariantName = "[No Variations]"
Add component (AddParameter): Name = "Packing"; Value = "Tape and Reel"; VariantName = "[No Variations]"
Add component (AddParameter): Name = "PartNumber"; Value = "30C02CH-TL-E"; VariantName = "[No Variations]"
Add component (AddParameter): Name = "Polarity"; Value = "NPN"; VariantName = "[No Variations]"
Add component (AddParameter): Name = "RoHS"; Value = "TRUE"; VariantName = "[No Variations]"
Add component (AddParameter): Name = "Shop link"; Value = "Digi-Key: @30C02CH-TL-EOSTR-ND"; VariantName = "[No Variations]"
Add component (AddParameter): Name = "Voltage"; Value = "30 V"; VariantName = "[No Variations]"
Added Component: Designator=R23(0603)
Add component (AddParameter): Name = "3D model link"; Value = "Own design"; VariantName = "[No Variations]"
Add component (AddParameter): Name = "Assembly type"; Value = "SMD"; VariantName = "[No Variations]"
Add component (AddParameter): Name = "Footprint link"; Value = "Own design"; VariantName = "[No Variations]"
Add component (AddParameter): Name = "Model"; Value = ""; VariantName = "[No Variations]"
Add component (AddParameter): Name = "Quantity"; Value = ""; VariantName = "[No Variations]"
Add component (AddParameter): Name = "Shop link"; Value = ""; VariantName = "[No Variations]"
Add component (AddParameter): Name = "Value"; Value = "4K7"; VariantName = "[No Variations]"
Add component (AddParameter): Name = "Voltage"; Value = ""; VariantName = "[No Variations]"
Added Component: Designator=R24(0603)
Add component (AddParameter): Name = "3D model link"; Value = "Own design"; VariantName = "[No Variations]"
Add component (AddParameter): Name = "Assembly type"; Value = "SMD"; VariantName = "[No Variations]"
Add component (AddParameter): Name = "Footprint link"; Value = "Own design"; VariantName = "[No Variations]"
Add component (AddParameter): Name = "Model"; Value = ""; VariantName = "[No Variations]"
Add component (AddParameter): Name = "Quantity"; Value = ""; VariantName = "[No Variations]"
Add component (AddParameter): Name = "Shop link"; Value = ""; VariantName = "[No Variations]"
Add component (AddParameter): Name = "Value"; Value = "4K7"; VariantName = "[No Variations]"
Add component (AddParameter): Name = "Voltage"; Value = ""; VariantName = "[No Variations]"
Added Component: Designator=R25(0603)
Add component (AddParameter): Name = "3D model link"; Value = "Own design"; VariantName = "[No Variations]"
Add component (AddParameter): Name = "Assembly type"; Value = "SMD"; VariantName = "[No Variations]"
Add component (AddParameter): Name = "Footprint link"; Value = "Own design"; VariantName = "[No Variations]"
Add component (AddParameter): Name = "Model"; Value = ""; VariantName = "[No Variations]"
Add component (AddParameter): Name = "Quantity"; Value = ""; VariantName = "[No Variations]"
Add component (AddParameter): Name = "Shop link"; Value = ""; VariantName = "[No Variations]"
Add component (AddParameter): Name = "Value"; Value = "10K"; VariantName = "[No Variations]"
Add component (AddParameter): Name = "Voltage"; Value = ""; VariantName = "[No Variations]"
Added Component: Designator=R26(0603)
Add component (AddParameter): Name = "3D model link"; Value = "Own design"; VariantName = "[No Variations]"
Add component (AddParameter): Name = "Assembly type"; Value = "SMD"; VariantName = "[No Variations]"
Add component (AddParameter): Name = "Footprint link"; Value = "Own design"; VariantName = "[No Variations]"
Add component (AddParameter): Name = "Model"; Value = ""; VariantName = "[No Variations]"
Add component (AddParameter): Name = "Quantity"; Value = ""; VariantName = "[No Variations]"
Add component (AddParameter): Name = "Shop link"; Value = ""; VariantName = "[No Variations]"
Add component (AddParameter): Name = "Value"; Value = "0"; VariantName = "[No Variations]"
Add component (AddParameter): Name = "Voltage"; Value = ""; VariantName = "[No Variations]"
Added Component: Designator=R?(0603)
Add component (AddParameter): Name = "3D model link"; Value = "Own design"; VariantName = "[No Variations]"
Add component (AddParameter): Name = "Assembly type"; Value = "SMD"; VariantName = "[No Variations]"
Add component (AddParameter): Name = "Footprint link"; Value = "Own design"; VariantName = "[No Variations]"
Add component (AddParameter): Name = "Model"; Value = ""; VariantName = "[No Variations]"
Add component (AddParameter): Name = "Quantity"; Value = ""; VariantName = "[No Variations]"
Add component (AddParameter): Name = "Shop link"; Value = ""; VariantName = "[No Variations]"
Add component (AddParameter): Name = "Value"; Value = "4K7"; VariantName = "[No Variations]"
Add component (AddParameter): Name = "Voltage"; Value = ""; VariantName = "[No Variations]"
Added Component: Designator=U1(STM-LQFP48_L)
Add component (AddParameter): Name = "3D model"; Value = "https://octopart.com/stm32f103cbt6-stmicroelectronics-7868657?r=sp#Specs"; VariantName = "[No Variations]"
Add component (AddParameter): Name = "A/D Converter"; Value = "2x12-bit (10 Channel)"; VariantName = "[No Variations]"
Add component (AddParameter): Name = "ComponentLink1Description"; Value = "Manufacturer URL"; VariantName = "[No Variations]"
Add component (AddParameter): Name = "ComponentLink1URL"; Value = "http://www.st.com/web/en/home.html"; VariantName = "[No Variations]"
Add component (AddParameter): Name = "ComponentLink2Description"; Value = "Datasheet"; VariantName = "[No Variations]"
Add component (AddParameter): Name = "ComponentLink2URL"; Value = "http://www.st.com/st-web-ui/static/active/en/resource/technical/document/datasheet/CD00161566.pdf"; VariantName = "[No Variations]"
Add component (AddParameter): Name = "ComponentLink3Description"; Value = "Package Specification"; VariantName = "[No Variations]"
Add component (AddParameter): Name = "ComponentLink3URL"; Value = "http://www.st.com/st-web-ui/static/active/en/resource/technical/document/datasheet/DM00058181.pdf"; VariantName = "[No Variations]"
Add component (AddParameter): Name = "Core"; Value = "ARM Cortex-M3"; VariantName = "[No Variations]"
Add component (AddParameter): Name = "DatasheetVersion"; Value = "Rev. 16"; VariantName = "[No Variations]"
Add component (AddParameter): Name = "FLASH Size (Prog) (kB)"; Value = "128"; VariantName = "[No Variations]"
Add component (AddParameter): Name = "Footprint model"; Value = "https://octopart.com/stm32f103cbt6-stmicroelectronics-7868657?r=sp#Specs"; VariantName = "[No Variations]"
Add component (AddParameter): Name = "I/Os (High Current)"; Value = "37"; VariantName = "[No Variations]"
Add component (AddParameter): Name = "Internal RAM Size (kB)"; Value = "20"; VariantName = "[No Variations]"
Add component (AddParameter): Name = "Mounting Technology"; Value = "Surface Mount"; VariantName = "[No Variations]"
Add component (AddParameter): Name = "Operating Frequency(F) (Processor speed) (MHz)"; Value = "72"; VariantName = "[No Variations]"
Add component (AddParameter): Name = "PackageDescription"; Value = "48-Pin Low Profile Quad Flat Package, 7 x 7 mm Body, 0.5 mm Pitch"; VariantName = "[No Variations]"
Add component (AddParameter): Name = "PackageReference"; Value = "LQFP48"; VariantName = "[No Variations]"
Add component (AddParameter): Name = "PackageVersion"; Value = "Rev. 6, 06/2013"; VariantName = "[No Variations]"
Add component (AddParameter): Name = "Packing"; Value = "Tray"; VariantName = "[No Variations]"
Add component (AddParameter): Name = "PartNumber"; Value = "STM32F103CBT6"; VariantName = "[No Variations]"
Add component (AddParameter): Name = "Shop link"; Value = "Digi-Key: @497-6288-ND"; VariantName = "[No Variations]"
Add component (AddParameter): Name = "Supply Voltage(Vcc) min (V)"; Value = "2"; VariantName = "[No Variations]"
Add component (AddParameter): Name = "Voltage"; Value = "3.3V"; VariantName = "[No Variations]"
Added Component: Designator=U2(FP-SOT23-5L-7049676-MFG)
Add component (AddParameter): Name = "3D model"; Value = "https://octopart.com/ld3985m33r-stmicroelectronics-526998?r=sp"; VariantName = "[No Variations]"
Add component (AddParameter): Name = "Accuracy"; Value = "2%"; VariantName = "[No Variations]"
Add component (AddParameter): Name = "Case/Package"; Value = "SOT-23"; VariantName = "[No Variations]"
Add component (AddParameter): Name = "Dropout Voltage"; Value = "60mV"; VariantName = "[No Variations]"
Add component (AddParameter): Name = "Footprint model"; Value = "https://octopart.com/ld3985m33r-stmicroelectronics-526998?r=sp"; VariantName = "[No Variations]"
Add component (AddParameter): Name = "Height"; Value = "1.3mm"; VariantName = "[No Variations]"
Add component (AddParameter): Name = "Input Bias Current"; Value = "85uA"; VariantName = "[No Variations]"
Add component (AddParameter): Name = "Lead Free"; Value = "Lead Free"; VariantName = "[No Variations]"
Add component (AddParameter): Name = "Length"; Value = "3mm"; VariantName = "[No Variations]"
Add component (AddParameter): Name = "Max Input Voltage"; Value = "6V"; VariantName = "[No Variations]"
Add component (AddParameter): Name = "Max Operating Temperature"; Value = "125°C"; VariantName = "[No Variations]"
Add component (AddParameter): Name = "Max Output Current"; Value = "150mA"; VariantName = "[No Variations]"
Add component (AddParameter): Name = "Min Current Limit"; Value = "300mA"; VariantName = "[No Variations]"
Add component (AddParameter): Name = "Min Input Voltage"; Value = "2.5V"; VariantName = "[No Variations]"
Add component (AddParameter): Name = "Min Operating Temperature"; Value = "-40°C"; VariantName = "[No Variations]"
Add component (AddParameter): Name = "Min Output Voltage"; Value = "3.3V"; VariantName = "[No Variations]"
Add component (AddParameter): Name = "Mount"; Value = "Surface Mount"; VariantName = "[No Variations]"
Add component (AddParameter): Name = "Number of Outputs"; Value = "1"; VariantName = "[No Variations]"
Add component (AddParameter): Name = "Number of Pins"; Value = "5"; VariantName = "[No Variations]"
Add component (AddParameter): Name = "Number of Regulators"; Value = "1"; VariantName = "[No Variations]"
Add component (AddParameter): Name = "Output Current"; Value = "150mA"; VariantName = "[No Variations]"
Add component (AddParameter): Name = "Output Type"; Value = "Fixed"; VariantName = "[No Variations]"
Add component (AddParameter): Name = "Output Voltage Accuracy"; Value = "2%"; VariantName = "[No Variations]"
Add component (AddParameter): Name = "Package Quantity"; Value = "1"; VariantName = "[No Variations]"
Add component (AddParameter): Name = "Packaging"; Value = "Tape and Reel"; VariantName = "[No Variations]"
Add component (AddParameter): Name = "Polarity"; Value = "Positive"; VariantName = "[No Variations]"
Add component (AddParameter): Name = "Quiescent Current"; Value = "150uA"; VariantName = "[No Variations]"
Add component (AddParameter): Name = "Radiation Hardening"; Value = "No"; VariantName = "[No Variations]"
Add component (AddParameter): Name = "Shop link"; Value = "RS-Components: @6868802P"; VariantName = "[No Variations]"
Add component (AddParameter): Name = "Voltage"; Value = "3.3 to 6VIN 3.3VOUT"; VariantName = "[No Variations]"
Add component (AddParameter): Name = "Width"; Value = "1.75mm"; VariantName = "[No Variations]"
Added Component: Designator=U3(KTT0003B_N)
Add component (AddParameter): Name = "3D model"; Value = "https://octopart.com/lm340s-12%2Fnopb-texas+instruments-24813791?r=sp#CadModels"; VariantName = "[No Variations]"
Add component (AddParameter): Name = "Code_IPC"; Value = ""; VariantName = "[No Variations]"
Add component (AddParameter): Name = "Code_JEDEC"; Value = "MO-169-AA"; VariantName = "[No Variations]"
Add component (AddParameter): Name = "Code_JEITA"; Value = ""; VariantName = "[No Variations]"
Add component (AddParameter): Name = "ComponentLink1Description"; Value = "Datasheet URL"; VariantName = "[No Variations]"
Add component (AddParameter): Name = "ComponentLink1URL"; Value = "http://www.ti.com/general/docs/lit/getliterature.tsp?genericPartNumber=LM340&fileType=pdf"; VariantName = "[No Variations]"
Add component (AddParameter): Name = "CompType"; Value = "LDO IC"; VariantName = "[No Variations]"
Add component (AddParameter): Name = "Current"; Value = "1.5A"; VariantName = "[No Variations]"
Add component (AddParameter): Name = "Footprint model"; Value = "https://octopart.com/lm340s-12%2Fnopb-texas+instruments-24813791?r=sp#CadModels"; VariantName = "[No Variations]"
Add component (AddParameter): Name = "High-Reliability"; Value = ""; VariantName = "[No Variations]"
Add component (AddParameter): Name = "Manufacturer"; Value = "Texas Instruments"; VariantName = "[No Variations]"
Add component (AddParameter): Name = "PackageDescription"; Value = "TO-263, Molded, .400 x .390 x .180in, 3 Lead, .1in Pitch, Surface Mount"; VariantName = "[No Variations]"
Add component (AddParameter): Name = "PackageReference"; Value = "KTT0003B"; VariantName = "[No Variations]"
Add component (AddParameter): Name = "PackageTopMarking"; Value = "NSUZXYTTE#*LM340S*-12 P+"; VariantName = "[No Variations]"
Add component (AddParameter): Name = "PartNumber"; Value = ""; VariantName = "[No Variations]"
Add component (AddParameter): Name = "PinCount"; Value = "3"; VariantName = "[No Variations]"
Add component (AddParameter): Name = "PowerWise"; Value = "N"; VariantName = "[No Variations]"
Add component (AddParameter): Name = "RoHS"; Value = "Y"; VariantName = "[No Variations]"
Add component (AddParameter): Name = "Shop link"; Value = "Mouser: @926-LM340S-12/NOPB"; VariantName = "[No Variations]"
Add component (AddParameter): Name = "Voltage"; Value = "35V"; VariantName = "[No Variations]"
Added Component: Designator=U4(D0008A_M)
Add component (AddParameter): Name = "3D model"; Value = "https://octopart.com/tps54331d-texas+instruments-8252552?r=sp"; VariantName = "[No Variations]"
Add component (AddParameter): Name = "Code_JEDEC"; Value = "MS-012AA"; VariantName = "[No Variations]"
Add component (AddParameter): Name = "ComponentLink1Description"; Value = "Datasheet"; VariantName = "[No Variations]"
Add component (AddParameter): Name = "ComponentLink1URL"; Value = "http://www.ti.com/general/docs/lit/getliterature.tsp?genericPartNumber=TPS54331&fileType=pdf"; VariantName = "[No Variations]"
Add component (AddParameter): Name = "ComponentLink2Description"; Value = "Package Specification"; VariantName = "[No Variations]"
Add component (AddParameter): Name = "ComponentLink2URL"; Value = "http://www.ti.com/litv/pdf/msoi002j"; VariantName = "[No Variations]"
Add component (AddParameter): Name = "ComponentLink3Description"; Value = "URL Link1"; VariantName = "[No Variations]"
Add component (AddParameter): Name = "ComponentLink3URL"; Value = "Samples URL:http://www.ti.com/product/tps54331#samples"; VariantName = "[No Variations]"
Add component (AddParameter): Name = "Current"; Value = "3A"; VariantName = "[No Variations]"
Add component (AddParameter): Name = "DatasheetVersion"; Value = "SLVS839D"; VariantName = "[No Variations]"
Add component (AddParameter): Name = "Duty Cycle(Max)(%)"; Value = "90"; VariantName = "[No Variations]"
Add component (AddParameter): Name = "Eco-Plan"; Value = "Green (RoHS & no Sb/Br)"; VariantName = "[No Variations]"
Add component (AddParameter): Name = "Footprint model"; Value = "https://octopart.com/tps54331d-texas+instruments-8252552?r=sp"; VariantName = "[No Variations]"
Add component (AddParameter): Name = "Iout(Max)(A)"; Value = "3"; VariantName = "[No Variations]"
Add component (AddParameter): Name = "Iq(Typ)(mA)"; Value = "0.11"; VariantName = "[No Variations]"
Add component (AddParameter): Name = "Manufacturer"; Value = "Texas Instruments"; VariantName = "[No Variations]"
Add component (AddParameter): Name = "Mounting Technology"; Value = "Surface Mount"; VariantName = "[No Variations]"
Add component (AddParameter): Name = "PackageDescription"; Value = "8-Pin Plastic Small Outline Integrated Circuit, 4.9 x 3.9 mm, Pitch 1.27 mm Pitch"; VariantName = "[No Variations]"
Add component (AddParameter): Name = "PackageReference"; Value = "D0008A"; VariantName = "[No Variations]"
Add component (AddParameter): Name = "PackageVersion"; Value = "revM, Jun-2011"; VariantName = "[No Variations]"
Add component (AddParameter): Name = "PartNumber"; Value = "TPS54331D"; VariantName = "[No Variations]"
Add component (AddParameter): Name = "Rating"; Value = "Catalog"; VariantName = "[No Variations]"
Add component (AddParameter): Name = "Regulated Outputs(#)"; Value = "1"; VariantName = "[No Variations]"
Add component (AddParameter): Name = "Shop link"; Value = "RS Components: @6618521P"; VariantName = "[No Variations]"
Add component (AddParameter): Name = "SubFamily"; Value = "Step-Down Regulator"; VariantName = "[No Variations]"
Add component (AddParameter): Name = "Switch Current Limit(Typ)(A)"; Value = "3.5"; VariantName = "[No Variations]"
Add component (AddParameter): Name = "Topology"; Value = "Buck"; VariantName = "[No Variations]"
Add component (AddParameter): Name = "Vin(Max)(V)"; Value = "28"; VariantName = "[No Variations]"
Add component (AddParameter): Name = "Vin(Min)(V)"; Value = "3.5"; VariantName = "[No Variations]"
Add component (AddParameter): Name = "Voltage"; Value = "3.5 to 28 VIN ; 0.8 to 25 VOUT"; VariantName = "[No Variations]"
Add component (AddParameter): Name = "Vout(Max)(V)"; Value = "25"; VariantName = "[No Variations]"
Add component (AddParameter): Name = "Vout(Min)(V)"; Value = "0.8"; VariantName = "[No Variations]"
Added Component: Designator=U5(QFP50P1200X1200X160-64N)
Add component (AddParameter): Name = "3D model link"; Value = "https://www.st.com/en/microcontrollers-microprocessors/stm32l476rg.html#cad-resources"; VariantName = "[No Variations]"
Add component (AddParameter): Name = "Assembly type"; Value = "SMD"; VariantName = "[No Variations]"
Add component (AddParameter): Name = "Footprint link"; Value = "https://www.snapeda.com/parts/STM32L476RGT6/STMicroelectronics/view-part/?ref=search&t=STM32L476RGT6"; VariantName = "[No Variations]"
Add component (AddParameter): Name = "Model"; Value = "STM32L476RGT6"; VariantName = "[No Variations]"
Add component (AddParameter): Name = "Quantity"; Value = ""; VariantName = "[No Variations]"
Add component (AddParameter): Name = "Shop link"; Value = "https://pl.mouser.com/ProductDetail/STMicroelectronics/STM32L476RGT6?qs=o58qnh%2FCpu44V%252B7CaDZzCA%3D%3D"; VariantName = "[No Variations]"
Add component (AddParameter): Name = "Value"; Value = ""; VariantName = "[No Variations]"
Add component (AddParameter): Name = "Voltage"; Value = ""; VariantName = "[No Variations]"
Added Component: Designator=U6(Encoder_EC12E1220405)
Add component (AddParameter): Name = "3D model link"; Value = "https://www.snapeda.com/parts/EC12E1220405/ALPS/view-part/?ref=search&t=EC12E1220405"; VariantName = "[No Variations]"
Add component (AddParameter): Name = "Footprint link"; Value = "Own design"; VariantName = "[No Variations]"
Add component (AddParameter): Name = "Model"; Value = "EC12E1220405"; VariantName = "[No Variations]"
Add component (AddParameter): Name = "Shop link"; Value = "https://www.tme.eu/pl/details/ec12e1220405/enkodery-inkrementalne/alps/"; VariantName = "[No Variations]"
Added Component: Designator=U7(SOIC127P794X203-8N)
Add component (AddParameter): Name = "3D model link"; Value = "https://www.snapeda.com/parts/24LC512-I/SN/Microchip%20Technology/view-part/?ref=search&t=%2024LC512-I%2FSN"; VariantName = "[No Variations]"
Add component (AddParameter): Name = "Assembly type"; Value = "SMD"; VariantName = "[No Variations]"
Add component (AddParameter): Name = "Footprint link"; Value = "https://www.snapeda.com/parts/24LC512-I/SN/Microchip%20Technology/view-part/?ref=search&t=%2024LC512-I%2FSN"; VariantName = "[No Variations]"
Add component (AddParameter): Name = "Model"; Value = "24LC512-I/SN"; VariantName = "[No Variations]"
Add component (AddParameter): Name = "Quantity"; Value = ""; VariantName = "[No Variations]"
Add component (AddParameter): Name = "Shop link"; Value = "https://www.tme.eu/pl/details/24lc512-i_sn/pamieci-eeprom-szeregowe/microchip-technology/"; VariantName = "[No Variations]"
Add component (AddParameter): Name = "Value"; Value = ""; VariantName = "[No Variations]"
Add component (AddParameter): Name = "Voltage"; Value = ""; VariantName = "[No Variations]"
Added Component: Designator=U8(SOP65P490X110-8N)
Add component (AddParameter): Name = "3D model link"; Value = "https://www.snapeda.com/parts/DS1339AU%2B/Maxim%20Integrated/view-part/?ref=search&t=DS1339AU%2B"; VariantName = "[No Variations]"
Add component (AddParameter): Name = "Assembly type"; Value = "SMD"; VariantName = "[No Variations]"
Add component (AddParameter): Name = "Footprint link"; Value = "https://www.snapeda.com/parts/DS1339AU%2B/Maxim%20Integrated/view-part/?ref=search&t=DS1339AU%2B"; VariantName = "[No Variations]"
Add component (AddParameter): Name = "Model"; Value = "DS1339AU+"; VariantName = "[No Variations]"
Add component (AddParameter): Name = "Quantity"; Value = ""; VariantName = "[No Variations]"
Add component (AddParameter): Name = "Shop link"; Value = "https://www.tme.eu/pl/details/ds1339au+/uklady-rtc/analog-devices-maxim-integrated/"; VariantName = "[No Variations]"
Add component (AddParameter): Name = "Value"; Value = ""; VariantName = "[No Variations]"
Add component (AddParameter): Name = "Voltage"; Value = ""; VariantName = "[No Variations]"
Added Component: Designator=Y2(Quartz_oscillator_Raster_4_88mm)
Add component (AddParameter): Name = "3D model link"; Value = "Own design"; VariantName = "[No Variations]"
Add component (AddParameter): Name = "Assembly type"; Value = "THT"; VariantName = "[No Variations]"
Add component (AddParameter): Name = "Footprint link"; Value = "Own design"; VariantName = "[No Variations]"
Add component (AddParameter): Name = "Model"; Value = "HC49-S"; VariantName = "[No Variations]"
Add component (AddParameter): Name = "Quantity"; Value = ""; VariantName = "[No Variations]"
Add component (AddParameter): Name = "Shop link"; Value = "https://www.tme.eu/pl/details/48.00m-hc49-s/rezonatory-kwarcowe-tht/yic/"; VariantName = "[No Variations]"
Add component (AddParameter): Name = "Value"; Value = "48 MHz"; VariantName = "[No Variations]"
Add component (AddParameter): Name = "Voltage"; Value = ""; VariantName = "[No Variations]"
Added Component: Designator=Y3(Quartz_oscillator_SMD_THT_Raster_4_88mm)
Add component (AddParameter): Name = "3D model link"; Value = ""; VariantName = "[No Variations]"
Add component (AddParameter): Name = "Assembly type"; Value = "SMD / THT"; VariantName = "[No Variations]"
Add component (AddParameter): Name = "Footprint link"; Value = "Own design"; VariantName = "[No Variations]"
Add component (AddParameter): Name = "Model"; Value = ""; VariantName = "[No Variations]"
Add component (AddParameter): Name = "Quantity"; Value = ""; VariantName = "[No Variations]"
Add component (AddParameter): Name = "Shop link"; Value = ""; VariantName = "[No Variations]"
Add component (AddParameter): Name = "Value"; Value = "32.768 kHz"; VariantName = "[No Variations]"
Add component (AddParameter): Name = "Voltage"; Value = ""; VariantName = "[No Variations]"
Added Component: Designator=Y4(XTAL_ABS07-32.768KHZ-T)
Add component (AddParameter): Name = "3D model link"; Value = "https://www.snapeda.com/parts/ABS07-32.768KHZ-T/Abracon/view-part/?ref=abracon_in&t=LFXTAL009678REEL&con_ref=None"; VariantName = "[No Variations]"
Add component (AddParameter): Name = "Assembly type"; Value = "SMD"; VariantName = "[No Variations]"
Add component (AddParameter): Name = "Footprint link"; Value = "https://www.snapeda.com/parts/ABS07-32.768KHZ-T/Abracon/view-part/?ref=abracon_in&t=LFXTAL009678REEL&con_ref=None"; VariantName = "[No Variations]"
Add component (AddParameter): Name = "Model"; Value = "ABS07"; VariantName = "[No Variations]"
Add component (AddParameter): Name = "Quantity"; Value = ""; VariantName = "[No Variations]"
Add component (AddParameter): Name = "Shop link"; Value = "https://www.tme.eu/pl/details/abs07-32.768khz/rezonatory-kwarcowe-smd/abracon/abs07-32-768khz-t/"; VariantName = "[No Variations]"
Add component (AddParameter): Name = "Value"; Value = "32.768 kHz"; VariantName = "[No Variations]"
Add component (AddParameter): Name = "Voltage"; Value = ""; VariantName = "[No Variations]"
Added Pin To Net: NetName=+3V3 Pin=C30-1
Added Pin To Net: NetName=+3V3 Pin=C31-1
Added Pin To Net: NetName=+3V3 Pin=C32-1
Added Pin To Net: NetName=+3V3 Pin=C33-1
Added Pin To Net: NetName=+3V3 Pin=C34-1
Added Pin To Net: NetName=+3V3 Pin=C35-1
Added Pin To Net: NetName=+3V3 Pin=C36-1
Added Pin To Net: NetName=+3V3 Pin=C37-1
Added Pin To Net: NetName=+3V3 Pin=C38-1
Added Pin To Net: NetName=+3V3 Pin=Q1-3
Added Pin To Net: NetName=+3V3 Pin=R23-2
Added Pin To Net: NetName=+3V3 Pin=R24-2
Added Pin To Net: NetName=+3V3 Pin=U1-1
Added Pin To Net: NetName=+3V3 Pin=U1-9
Added Pin To Net: NetName=+3V3 Pin=U1-24
Added Pin To Net: NetName=+3V3 Pin=U1-36
Added Pin To Net: NetName=+3V3 Pin=U1-48
Added Pin To Net: NetName=+3V3 Pin=U2-5
Added Pin To Net: NetName=+3V3 Pin=U5-1
Added Pin To Net: NetName=+3V3 Pin=U5-19
Added Pin To Net: NetName=+3V3 Pin=U5-32
Added Pin To Net: NetName=+3V3 Pin=U5-48
Added Pin To Net: NetName=+3V3 Pin=U5-64
Added Net: Name=+3V3
Added Pin To Net: NetName=+5V Pin=JP1-1
Added Pin To Net: NetName=+5V Pin=R?-1
Added Pin To Net: NetName=+5V Pin=U7-8
Added Pin To Net: NetName=+5V Pin=U8-8
Added Net: Name=+5V
Added Pin To Net: NetName=+12V Pin=U3-3
Added Net: Name=+12V
Added Pin To Net: NetName=AGND Pin=C39-2
Added Pin To Net: NetName=AGND Pin=R26-2
Added Pin To Net: NetName=AGND Pin=U5-12
Added Net: Name=AGND
Added Pin To Net: NetName=BOOT0 Pin=R25-2
Added Pin To Net: NetName=BOOT0 Pin=U5-60
Added Net: Name=BOOT0
Added Pin To Net: NetName=EEPROM_A0 Pin=U7-1
Added Net: Name=EEPROM_A0
Added Pin To Net: NetName=EEPROM_A1 Pin=U7-2
Added Net: Name=EEPROM_A1
Added Pin To Net: NetName=EEPROM_A2 Pin=U7-3
Added Net: Name=EEPROM_A2
Added Pin To Net: NetName=EX_GND Pin=D4-2
Added Pin To Net: NetName=EX_GND Pin=J3-1
Added Pin To Net: NetName=EX_GND Pin=U3-2
Added Pin To Net: NetName=EX_GND Pin=U3-4
Added Pin To Net: NetName=EX_GND Pin=U4-7
Added Net: Name=EX_GND
Added Pin To Net: NetName=GND Pin=C25-2
Added Pin To Net: NetName=GND Pin=C26-2
Added Pin To Net: NetName=GND Pin=C27-2
Added Pin To Net: NetName=GND Pin=C28-2
Added Pin To Net: NetName=GND Pin=C29-2
Added Pin To Net: NetName=GND Pin=C30-2
Added Pin To Net: NetName=GND Pin=C31-2
Added Pin To Net: NetName=GND Pin=C32-2
Added Pin To Net: NetName=GND Pin=C33-2
Added Pin To Net: NetName=GND Pin=C34-2
Added Pin To Net: NetName=GND Pin=C35-2
Added Pin To Net: NetName=GND Pin=C36-2
Added Pin To Net: NetName=GND Pin=C37-2
Added Pin To Net: NetName=GND Pin=C38-2
Added Pin To Net: NetName=GND Pin=JP2-2
Added Pin To Net: NetName=GND Pin=R25-1
Added Pin To Net: NetName=GND Pin=R26-1
Added Pin To Net: NetName=GND Pin=U1-8
Added Pin To Net: NetName=GND Pin=U1-20
Added Pin To Net: NetName=GND Pin=U1-23
Added Pin To Net: NetName=GND Pin=U1-35
Added Pin To Net: NetName=GND Pin=U1-47
Added Pin To Net: NetName=GND Pin=U2-2
Added Pin To Net: NetName=GND Pin=U5-18
Added Pin To Net: NetName=GND Pin=U5-31
Added Pin To Net: NetName=GND Pin=U5-47
Added Pin To Net: NetName=GND Pin=U5-63
Added Pin To Net: NetName=GND Pin=U6-2
Added Pin To Net: NetName=GND Pin=U7-4
Added Pin To Net: NetName=GND Pin=U8-3
Added Pin To Net: NetName=GND Pin=U8-4
Added Net: Name=GND
Added Pin To Net: NetName=LED-STLINK Pin=U1-30
Added Net: Name=LED-STLINK
Added Pin To Net: NetName=NetC1_2 Pin=U1-5
Added Net: Name=NetC1_2
Added Pin To Net: NetName=NetC2_2 Pin=U1-6
Added Net: Name=NetC2_2
Added Pin To Net: NetName=NetC3_2 Pin=U1-7
Added Net: Name=NetC3_2
Added Pin To Net: NetName=NetC8_2 Pin=D1-1
Added Pin To Net: NetName=NetC8_2 Pin=U2-1
Added Pin To Net: NetName=NetC8_2 Pin=U2-3
Added Net: Name=NetC8_2
Added Pin To Net: NetName=NetC10_2 Pin=U2-4
Added Net: Name=NetC10_2
Added Pin To Net: NetName=NetC18_2 Pin=U4-4
Added Net: Name=NetC18_2
Added Net: Name=NetC19_1
Added Pin To Net: NetName=NetC19_2 Pin=U4-6
Added Net: Name=NetC19_2
Added Pin To Net: NetName=NetC21_1 Pin=U4-1
Added Net: Name=NetC21_1
Added Pin To Net: NetName=NetC21_2 Pin=D4-1
Added Pin To Net: NetName=NetC21_2 Pin=L1-1
Added Pin To Net: NetName=NetC21_2 Pin=U4-8
Added Net: Name=NetC21_2
Added Pin To Net: NetName=NetC25_1 Pin=C25-1
Added Pin To Net: NetName=NetC25_1 Pin=U5-3
Added Pin To Net: NetName=NetC25_1 Pin=Y3-1
Added Pin To Net: NetName=NetC25_1 Pin=Y3-1
Added Net: Name=NetC25_1
Added Pin To Net: NetName=NetC26_1 Pin=C26-1
Added Pin To Net: NetName=NetC26_1 Pin=U5-4
Added Pin To Net: NetName=NetC26_1 Pin=Y3-2
Added Pin To Net: NetName=NetC26_1 Pin=Y3-2
Added Net: Name=NetC26_1
Added Pin To Net: NetName=NetC27_1 Pin=C27-1
Added Pin To Net: NetName=NetC27_1 Pin=U5-5
Added Pin To Net: NetName=NetC27_1 Pin=Y2-1
Added Net: Name=NetC27_1
Added Pin To Net: NetName=NetC28_1 Pin=C28-1
Added Pin To Net: NetName=NetC28_1 Pin=U5-6
Added Pin To Net: NetName=NetC28_1 Pin=Y2-2
Added Net: Name=NetC28_1
Added Net: Name=NetCN1_2
Added Net: Name=NetCN1_3
Added Net: Name=NetCN1_4
Added Net: Name=NetCN2_1
Added Net: Name=NetCN2_3
Added Net: Name=NetCN3_1
Added Net: Name=NetCN3_3
Added Net: Name=NetD2_2
Added Net: Name=NetD3_1
Added Pin To Net: NetName=NetJP1_2 Pin=JP1-2
Added Pin To Net: NetName=NetJP1_2 Pin=JP2-1
Added Pin To Net: NetName=NetJP1_2 Pin=U7-7
Added Net: Name=NetJP1_2
Added Pin To Net: NetName=NetJP3_1 Pin=JP3-1
Added Pin To Net: NetName=NetJP3_1 Pin=U6-1
Added Net: Name=NetJP3_1
Added Pin To Net: NetName=NetJP4_2 Pin=JP4-2
Added Pin To Net: NetName=NetJP4_2 Pin=U6-3
Added Net: Name=NetJP4_2
Added Pin To Net: NetName=NetQ1_1 Pin=Q1-1
Added Net: Name=NetQ1_1
Added Pin To Net: NetName=NetQ1_2 Pin=Q1-2
Added Net: Name=NetQ1_2
Added Pin To Net: NetName=NetR1_1 Pin=U1-2
Added Net: Name=NetR1_1
Added Pin To Net: NetName=NetR3_2 Pin=U1-10
Added Net: Name=NetR3_2
Added Pin To Net: NetName=NetR5_2 Pin=U1-44
Added Net: Name=NetR5_2
Added Pin To Net: NetName=NetR6_1 Pin=U1-27
Added Net: Name=NetR6_1
Added Pin To Net: NetName=NetR6_2 Pin=U1-25
Added Net: Name=NetR6_2
Added Pin To Net: NetName=NetR7_1 Pin=U1-29
Added Net: Name=NetR7_1
Added Net: Name=NetR7_2
Added Net: Name=NetR10_2
Added Net: Name=NetR11_2
Added Net: Name=NetR13_2
Added Pin To Net: NetName=NetR17_1 Pin=U4-3
Added Net: Name=NetR17_1
Added Pin To Net: NetName=NetR20_1 Pin=U4-5
Added Net: Name=NetR20_1
Added Pin To Net: NetName=NetR?_2 Pin=R?-2
Added Pin To Net: NetName=NetR?_2 Pin=U8-7
Added Net: Name=NetR?_2
Added Pin To Net: NetName=NetU1_28 Pin=U1-28
Added Net: Name=NetU1_28
Added Pin To Net: NetName=NetU8_1 Pin=U8-1
Added Pin To Net: NetName=NetU8_1 Pin=Y4-1
Added Net: Name=NetU8_1
Added Pin To Net: NetName=NetU8_2 Pin=U8-2
Added Pin To Net: NetName=NetU8_2 Pin=Y4-2
Added Net: Name=NetU8_2
Added Pin To Net: NetName=NRST Pin=C29-1
Added Pin To Net: NetName=NRST Pin=U5-7
Added Net: Name=NRST
Added Pin To Net: NetName=PA0 Pin=U5-14
Added Net: Name=PA0
Added Pin To Net: NetName=PA1 Pin=U5-15
Added Net: Name=PA1
Added Pin To Net: NetName=PA2 Pin=U5-16
Added Net: Name=PA2
Added Pin To Net: NetName=PA3 Pin=U5-17
Added Net: Name=PA3
Added Pin To Net: NetName=PA4 Pin=U5-20
Added Net: Name=PA4
Added Pin To Net: NetName=PA5 Pin=U5-21
Added Net: Name=PA5
Added Pin To Net: NetName=PA6 Pin=U5-22
Added Net: Name=PA6
Added Pin To Net: NetName=PA7 Pin=U5-23
Added Net: Name=PA7
Added Pin To Net: NetName=PA8 Pin=U5-41
Added Net: Name=PA8
Added Pin To Net: NetName=PA9 Pin=U5-42
Added Net: Name=PA9
Added Pin To Net: NetName=PA10 Pin=U5-43
Added Net: Name=PA10
Added Pin To Net: NetName=PA11 Pin=U5-44
Added Net: Name=PA11
Added Pin To Net: NetName=PA12 Pin=U5-45
Added Net: Name=PA12
Added Pin To Net: NetName=PA13 Pin=U5-46
Added Net: Name=PA13
Added Pin To Net: NetName=PA14 Pin=U5-49
Added Net: Name=PA14
Added Pin To Net: NetName=PA15 Pin=U5-50
Added Net: Name=PA15
Added Pin To Net: NetName=PB0 Pin=U5-26
Added Net: Name=PB0
Added Pin To Net: NetName=PB1 Pin=U5-27
Added Net: Name=PB1
Added Pin To Net: NetName=PB2 Pin=U5-28
Added Net: Name=PB2
Added Pin To Net: NetName=PB3 Pin=U5-55
Added Net: Name=PB3
Added Pin To Net: NetName=PB4 Pin=U5-56
Added Net: Name=PB4
Added Pin To Net: NetName=PB5 Pin=U5-57
Added Net: Name=PB5
Added Pin To Net: NetName=PB6 Pin=R23-1
Added Pin To Net: NetName=PB6 Pin=U5-58
Added Pin To Net: NetName=PB6 Pin=U7-6
Added Pin To Net: NetName=PB6 Pin=U8-6
Added Net: Name=PB6
Added Pin To Net: NetName=PB7 Pin=R24-1
Added Pin To Net: NetName=PB7 Pin=U5-59
Added Pin To Net: NetName=PB7 Pin=U7-5
Added Pin To Net: NetName=PB7 Pin=U8-5
Added Net: Name=PB7
Added Pin To Net: NetName=PB8 Pin=U5-61
Added Net: Name=PB8
Added Pin To Net: NetName=PB9 Pin=U5-62
Added Net: Name=PB9
Added Pin To Net: NetName=PB10 Pin=U5-29
Added Net: Name=PB10
Added Pin To Net: NetName=PB11 Pin=U5-30
Added Net: Name=PB11
Added Pin To Net: NetName=PB12 Pin=U5-33
Added Net: Name=PB12
Added Pin To Net: NetName=PB13 Pin=U5-34
Added Net: Name=PB13
Added Pin To Net: NetName=PB14 Pin=U5-35
Added Net: Name=PB14
Added Pin To Net: NetName=PB15 Pin=U5-36
Added Net: Name=PB15
Added Pin To Net: NetName=PC0 Pin=JP3-2
Added Pin To Net: NetName=PC0 Pin=U5-8
Added Net: Name=PC0
Added Pin To Net: NetName=PC1 Pin=JP4-1
Added Pin To Net: NetName=PC1 Pin=U5-9
Added Net: Name=PC1
Added Pin To Net: NetName=PC2 Pin=U5-10
Added Net: Name=PC2
Added Pin To Net: NetName=PC3 Pin=U5-11
Added Net: Name=PC3
Added Pin To Net: NetName=PC4 Pin=U5-24
Added Net: Name=PC4
Added Pin To Net: NetName=PC5 Pin=U5-25
Added Net: Name=PC5
Added Pin To Net: NetName=PC6 Pin=U5-37
Added Net: Name=PC6
Added Pin To Net: NetName=PC7 Pin=U5-38
Added Net: Name=PC7
Added Pin To Net: NetName=PC8 Pin=U5-39
Added Net: Name=PC8
Added Pin To Net: NetName=PC9 Pin=U5-40
Added Net: Name=PC9
Added Pin To Net: NetName=PC10 Pin=U5-51
Added Net: Name=PC10
Added Pin To Net: NetName=PC11 Pin=U5-52
Added Net: Name=PC11
Added Pin To Net: NetName=PC12 Pin=U5-53
Added Net: Name=PC12
Added Pin To Net: NetName=PC13 Pin=U5-2
Added Net: Name=PC13
Added Pin To Net: NetName=PD2 Pin=U5-54
Added Net: Name=PD2
Added Pin To Net: NetName=ST-LINK_Rx Pin=U1-13
Added Net: Name=ST-LINK_Rx
Added Pin To Net: NetName=ST-LINK_Tx Pin=U1-12
Added Net: Name=ST-LINK_Tx
Added Pin To Net: NetName=STM_JTCK Pin=U1-37
Added Net: Name=STM_JTCK
Added Pin To Net: NetName=STM_JTMS Pin=U1-34
Added Net: Name=STM_JTMS
Added Pin To Net: NetName=T_JTCK Pin=U1-15
Added Pin To Net: NetName=T_JTCK Pin=U1-26
Added Net: Name=T_JTCK
Added Pin To Net: NetName=T_JTDI Pin=U1-17
Added Net: Name=T_JTDI
Added Pin To Net: NetName=T_JTDO Pin=U1-16
Added Net: Name=T_JTDO
Added Pin To Net: NetName=T_NRST Pin=U1-18
Added Net: Name=T_NRST
Added Pin To Net: NetName=T_SWO Pin=U1-31
Added Net: Name=T_SWO
Added Pin To Net: NetName=U5V Pin=L1-2
Added Net: Name=U5V
Added Pin To Net: NetName=USB_DM Pin=U1-32
Added Net: Name=USB_DM
Added Pin To Net: NetName=USB_DP Pin=U1-33
Added Net: Name=USB_DP
Added Pin To Net: NetName=USB_RENUMn Pin=U1-38
Added Net: Name=USB_RENUMn
Added Pin To Net: NetName=Vcc-EXT Pin=J3-2
Added Pin To Net: NetName=Vcc-EXT Pin=U3-1
Added Pin To Net: NetName=Vcc-EXT Pin=U4-2
Added Net: Name=Vcc-EXT
Added Pin To Net: NetName=VDDA Pin=C39-1
Added Pin To Net: NetName=VDDA Pin=U5-13
Added Net: Name=VDDA
Added Class: Name=Mikrokontroler i podzespo³y
Added Class: Name=Uk³ad programatora ST Link
Added Class: Name=Uk³ad zasilania
Added Room: Name=Mikrokontroler i podzespo³y
Added Room: Name=Uk³ad programatora ST Link
Added Room: Name=Uk³ad zasilania
