Change Component DesignItemId : Designator=D1 Old DesignItemId=CMP-1667-00003-2 New DesignItemId=CMP-1667-00003-3
Change Component Footprint: Designator=C2 Old Footprint=C1206 New Footprint=0805
Change Component Footprint: Designator=C3 Old Footprint=C1206 New Footprint=0805
Change Component Footprint: Designator=C5 Old Footprint=C1206 New Footprint=0805
Change Component Footprint: Designator=C7 Old Footprint=C1206 New Footprint=0805
Change Component Footprint: Designator=C8 Old Footprint=C1206 New Footprint=0805
Change Component Footprint: Designator=C9 Old Footprint=C1206 New Footprint=0805
Change Component Footprint: Designator=C10 Old Footprint=C1206 New Footprint=0805
Change Component Footprint: Designator=C11 Old Footprint=C1206 New Footprint=0805
Change Component Footprint: Designator=C12 Old Footprint=C1206 New Footprint=0805
Change Component Footprint: Designator=C13 Old Footprint=C1206 New Footprint=0805
Change Component Footprint: Designator=C14 Old Footprint=C1206 New Footprint=0805
Change Component Footprint: Designator=C15 Old Footprint=C1206 New Footprint=0805
Change Component Footprint: Designator=C16 Old Footprint=C1206 New Footprint=0805
Change Component Footprint: Designator=C17 Old Footprint=C1206 New Footprint=0805
Change Component Footprint: Designator=C18 Old Footprint=C1206 New Footprint=0805
Change Component Footprint: Designator=C19 Old Footprint=C1206 New Footprint=0805
Change Component Footprint: Designator=C20 Old Footprint=C1206 New Footprint=0805
Change Component Footprint: Designator=C21 Old Footprint=C1206 New Footprint=0805
Change Component Footprint: Designator=C22 Old Footprint=C1206 New Footprint=0805
Change Component Footprint: Designator=C23 Old Footprint=C1206 New Footprint=0805
Change Component Footprint: Designator=C24 Old Footprint=C1206 New Footprint=0805
Change Component Footprint: Designator=C25 Old Footprint=C1206 New Footprint=0805
Change Component Footprint: Designator=C26 Old Footprint=C1206 New Footprint=0805
Change Component Footprint: Designator=C27 Old Footprint=C1206 New Footprint=0805
Change Component Footprint: Designator=C28 Old Footprint=C1206 New Footprint=0805
Change Component Footprint: Designator=C29 Old Footprint=C1206 New Footprint=0805
Change Component Footprint: Designator=C30 Old Footprint=C1206 New Footprint=0805
Change Component Footprint: Designator=C33 Old Footprint=C1206 New Footprint=0805
Change Component Footprint: Designator=C34 Old Footprint=C1206 New Footprint=0805
Change Component Footprint: Designator=C35 Old Footprint=C1206 New Footprint=0805
Change Component Footprint: Designator=C38 Old Footprint=C1206 New Footprint=0805
Change Component Footprint: Designator=C39 Old Footprint=C1206 New Footprint=0805
Change Component Footprint: Designator=C40 Old Footprint=C1206 New Footprint=0805
Change Component Footprint: Designator=C41 Old Footprint=C1206 New Footprint=0805
Change Component Footprint: Designator=C42 Old Footprint=C1206 New Footprint=0805
Change Component Footprint: Designator=C43 Old Footprint=C1206 New Footprint=0805
Change Component Footprint: Designator=C44 Old Footprint=C1206 New Footprint=0805
Change Component Footprint: Designator=C45 Old Footprint=C1206 New Footprint=0805
Change Component Footprint: Designator=C46 Old Footprint=C1206 New Footprint=0805
Change Component Footprint: Designator=C47 Old Footprint=C1206 New Footprint=0805
Change Component Footprint: Designator=C48 Old Footprint=C1206 New Footprint=0805
Change Component Footprint: Designator=C49 Old Footprint=C1206 New Footprint=0805
Change Component Footprint: Designator=C50 Old Footprint=C1206 New Footprint=0805
Change Component Footprint: Designator=C51 Old Footprint=C1206 New Footprint=0805
Change Component Footprint: Designator=C52 Old Footprint=C1206 New Footprint=0805
Change Component Footprint: Designator=C53 Old Footprint=C1206 New Footprint=0805
Change Component Footprint: Designator=C54 Old Footprint=C1206 New Footprint=0805
Change Component Footprint: Designator=C55 Old Footprint=C1206 New Footprint=0805
Change Component Footprint: Designator=C56 Old Footprint=C1206 New Footprint=0805
Change Component Footprint: Designator=C57 Old Footprint=C1206 New Footprint=0805
Change Component Footprint: Designator=C58 Old Footprint=C1206 New Footprint=0805
Change Component Footprint: Designator=C59 Old Footprint=C1206 New Footprint=0805
Change Component Footprint: Designator=C60 Old Footprint=C1206 New Footprint=0805
Change Component Footprint: Designator=C61 Old Footprint=C1206 New Footprint=0805
Change Component Footprint: Designator=C62 Old Footprint=C1206 New Footprint=0805
Change Component Footprint: Designator=C63 Old Footprint=C1206 New Footprint=0805
Change Component Footprint: Designator=C64 Old Footprint=C1206 New Footprint=0805
Change Component Footprint: Designator=C65 Old Footprint=C1206 New Footprint=0805
Change Component Footprint: Designator=R1 Old Footprint=R1206 New Footprint=0805
Change Component Footprint: Designator=R2 Old Footprint=R1206 New Footprint=0805
Change Component Footprint: Designator=R3 Old Footprint=R1206 New Footprint=0805
Change Component Footprint: Designator=R4 Old Footprint=R1206 New Footprint=0805
Change Component Footprint: Designator=R5 Old Footprint=R1206 New Footprint=0805
Change Component Footprint: Designator=R6 Old Footprint=R1206 New Footprint=0805
Change Component Footprint: Designator=R7 Old Footprint=R1206 New Footprint=0805
Change Component Footprint: Designator=R8 Old Footprint=R1206 New Footprint=0805
Change Component Footprint: Designator=R9 Old Footprint=R1206 New Footprint=0805
Change Component Footprint: Designator=R10 Old Footprint=R1206 New Footprint=0805
Change Component Footprint: Designator=R11 Old Footprint=R1206 New Footprint=0805
Change Component Footprint: Designator=R12 Old Footprint=R1206 New Footprint=0805
Change Component Footprint: Designator=R13 Old Footprint=R1206 New Footprint=0805
Change Component Footprint: Designator=R14 Old Footprint=R1206 New Footprint=0805
Change Component Footprint: Designator=R15 Old Footprint=R1206 New Footprint=0805
Change Component Footprint: Designator=R16 Old Footprint=R1206 New Footprint=0805
Change Component Footprint: Designator=R17 Old Footprint=R1206 New Footprint=0805
Change Component Footprint: Designator=R18 Old Footprint=R1206 New Footprint=0805
Change Component Footprint: Designator=R19 Old Footprint=R1206 New Footprint=0805
Change Component Footprint: Designator=R20 Old Footprint=R1206 New Footprint=0805
Change Component Footprint: Designator=R21 Old Footprint=R1206 New Footprint=0805
Change Component Footprint: Designator=R22 Old Footprint=R1206 New Footprint=0805
Change Component Footprint: Designator=R23 Old Footprint=R1206 New Footprint=0805
Change Component Footprint: Designator=R24 Old Footprint=R1206 New Footprint=0805
Change Component Footprint: Designator=R25 Old Footprint=R1206 New Footprint=0805
Change Component Footprint: Designator=R26 Old Footprint=R1206 New Footprint=0805
Change Component Footprint: Designator=R28 Old Footprint=R1206 New Footprint=0805
Change Component Footprint: Designator=R29 Old Footprint=R1206 New Footprint=0805
Change Component Footprint: Designator=R30 Old Footprint=R1206 New Footprint=0805
Change Component Footprint: Designator=R31 Old Footprint=R1206 New Footprint=0805
Change Component Footprint: Designator=R32 Old Footprint=R1206 New Footprint=0805
Change Component Footprint: Designator=R33 Old Footprint=R1206 New Footprint=0805
Change Component Footprint: Designator=R34 Old Footprint=R1206 New Footprint=0805
Change Component Footprint: Designator=R35 Old Footprint=R1206 New Footprint=0805
Change Component Footprint: Designator=R36 Old Footprint=R1206 New Footprint=0805
Change Component Footprint: Designator=R37 Old Footprint=R1206 New Footprint=0805
Change Component Footprint: Designator=R38 Old Footprint=R1206 New Footprint=0805
Change Component Footprint: Designator=R39 Old Footprint=R1206 New Footprint=0805
Change Component Footprint: Designator=R40 Old Footprint=R1206 New Footprint=0805
Change Component Footprint: Designator=R41 Old Footprint=R1206 New Footprint=0805
Change Component Footprint: Designator=R42 Old Footprint=R1206 New Footprint=0805
Change Component Footprint: Designator=R43 Old Footprint=R1206 New Footprint=0805
Change Component Footprint: Designator=R44 Old Footprint=R1206 New Footprint=0805
Change Component Footprint: Designator=R45 Old Footprint=R1206 New Footprint=0805
Change Component Footprint: Designator=R46 Old Footprint=R1206 New Footprint=0805
Change Component Footprint: Designator=R47 Old Footprint=R1206 New Footprint=0805
Change Component Footprint: Designator=R48 Old Footprint=R1206 New Footprint=0805
Change Component Footprint: Designator=R49 Old Footprint=R1206 New Footprint=0805
Change Component Footprint: Designator=R50 Old Footprint=R1206 New Footprint=0805
Change Component Comment : Designator=C6 Old Comment= New Comment=Cap
Change Component Comment : Designator=L1 Old Comment=6.8uH New Comment=IHLP2525CZER6R8M01
Change Component Description : Designator=U1 Old Description=Buck Step Down Regulator SMD  -40 to 150 degC, New Description=Buck Step Down Regulator with 3.5 to 28 V Input and 0.8 to 25 V Output, -40 to 150 degC, 8-Pin SOIC (D), Green (RoHS & no Sb/Br)
Change Component Description : Designator=D2 Old Description=Diode schottky RRM New Description=DIODE SCHOTTKY 10V 3A SOD323
Change Component Description : Designator=D1 Old Description=Diode Schottky SMA Capacitance 250mF forward Voltage 500mV New Description=DIODE SCHOTTKY 40V 3A SMA
Change Component Description : Designator=L1 Old Description=IHLP2525CZER6R8M01 Commercial Inductors, High Saturation Series 6.8uH 4.5A 60m? 20% New Description=Commercial Inductors, High Saturation Series 6.8uH 4.5A 60m? 20%
Change Component Description : Designator=J1 Old Description=PCB Terminal Block Phoenix Contact,, 2-Pin THD, RoHS, Bulk New Description=PCB Terminal Block, 13.5 A, 400 V, 2-Pin THD, RoHS, Bulk
Change Component Library : Designator=C6 Old Library=capacitors.IntLib New Library=Plytka_rozwojowa_ZCAD.IntLib
Change Managed Component Library Link : Designator=D1 Old VaultGUID=B7D15EC3-160A-466F-A46C-7801FE6295A7 New VaultGUID=B7D15EC3-160A-466F-A46C-7801FE6295A7 Old ItemGUID=9624F48A-C8FA-4808-BBFA-6B8082A6372C New ItemGUID=9624F48A-C8FA-4808-BBFA-6B8082A6372C Old RevisionGUID=BBAE3A60-5320-46DA-A400-3D79419943D0 New RevisionGUID=3B9DAC7C-290F-416C-A002-877D9CC05DD4
Change component parameters: Designator = "C6" ("C6"); Footprint = "C1206"; UniqueID = "\TQDRZQBV\CLOSTYWD" ("\TQDRZQBV\CLOSTYWD")
Change component parameters (AddParameter): Name = "ComponentLink1Description"; Value = "datasheet"; VariantName = "[No Variations]"
Change component parameters (AddParameter): Name = "ComponentLink1URL"; Value = ""; VariantName = "[No Variations]"
Change component parameters (AddParameter): Name = "ComponentLink2Description"; Value = "supplier"; VariantName = "[No Variations]"
Change component parameters (AddParameter): Name = "ComponentLink2URL"; Value = ""; VariantName = "[No Variations]"
Change component parameters (AddParameter): Name = "PackageReference"; Value = ""; VariantName = "[No Variations]"
Change component parameters (AddParameter): Name = "Price"; Value = ""; VariantName = "[No Variations]"
Change component parameters (AddParameter): Name = "Producer"; Value = ""; VariantName = "[No Variations]"
Change component parameters (AddParameter): Name = "Producer Nr"; Value = ""; VariantName = "[No Variations]"
Change component parameters (AddParameter): Name = "Published"; Value = ""; VariantName = "[No Variations]"
Change component parameters (AddParameter): Name = "Supplier"; Value = ""; VariantName = "[No Variations]"
Change component parameters (AddParameter): Name = "Supplier Nr"; Value = ""; VariantName = "[No Variations]"
Change component parameters (AddParameter): Name = "Value"; Value = "0.22uF"; VariantName = "[No Variations]"
Change component parameters: Designator = "D1" ("D1"); Footprint = "FP-SMA-MFG"; UniqueID = "\TQDRZQBV\RFDSKJKO" ("\TQDRZQBV\RFDSKJKO")
Change component parameters (AddParameter): Name = "Average Rectified Current"; Value = "3A"; VariantName = "[No Variations]"
Change component parameters (AddParameter): Name = "Capacitance"; Value = "250pF"; VariantName = "[No Variations]"
Change component parameters (AddParameter): Name = "Case/Package"; Value = "SMA"; VariantName = "[No Variations]"
Change component parameters (AddParameter): Name = "Contact Plating"; Value = "Tin"; VariantName = "[No Variations]"
Change component parameters (AddParameter): Name = "Current"; Value = "3A"; VariantName = "[No Variations]"
Change component parameters (AddParameter): Name = "Current Rating"; Value = "3A"; VariantName = "[No Variations]"
Change component parameters (AddParameter): Name = "Element Configuration"; Value = "Single"; VariantName = "[No Variations]"
Change component parameters (AddParameter): Name = "Forward Current"; Value = "3A"; VariantName = "[No Variations]"
Change component parameters (AddParameter): Name = "Forward Voltage"; Value = "500mV"; VariantName = "[No Variations]"
Change component parameters (AddParameter): Name = "Height"; Value = "2.3mm"; VariantName = "[No Variations]"
Change component parameters (AddParameter): Name = "Lead Free"; Value = "Lead Free"; VariantName = "[No Variations]"
Change component parameters (AddParameter): Name = "Length"; Value = "4.6mm"; VariantName = "[No Variations]"
Change component parameters (AddParameter): Name = "Max Forward Surge Current (Ifsm)"; Value = "80A"; VariantName = "[No Variations]"
Change component parameters (AddParameter): Name = "Max Operating Temperature"; Value = "125°C"; VariantName = "[No Variations]"
Change component parameters (AddParameter): Name = "Max Repetitive Reverse Voltage (Vrrm)"; Value = "40V"; VariantName = "[No Variations]"
Change component parameters (AddParameter): Name = "Max Reverse Current"; Value = "500uA"; VariantName = "[No Variations]"
Change component parameters (AddParameter): Name = "Max Reverse Voltage (DC)"; Value = "40V"; VariantName = "[No Variations]"
Change component parameters (AddParameter): Name = "Min Operating Temperature"; Value = "-55°C"; VariantName = "[No Variations]"
Change component parameters (AddParameter): Name = "Mount"; Value = "Surface Mount"; VariantName = "[No Variations]"
Change component parameters (AddParameter): Name = "Number of Pins"; Value = "2"; VariantName = "[No Variations]"
Change component parameters (AddParameter): Name = "Output Current"; Value = "3A"; VariantName = "[No Variations]"
Change component parameters (AddParameter): Name = "Package Quantity"; Value = "5000"; VariantName = "[No Variations]"
Change component parameters (AddParameter): Name = "Packaging"; Value = "Tape and Reel"; VariantName = "[No Variations]"
Change component parameters (AddParameter): Name = "Peak Non-Repetitive Surge Current"; Value = "80A"; VariantName = "[No Variations]"
Change component parameters (AddParameter): Name = "Polarity"; Value = "Standard"; VariantName = "[No Variations]"
Change component parameters (AddParameter): Name = "Radiation Hardening"; Value = "No"; VariantName = "[No Variations]"
Change component parameters (AddParameter): Name = "REACH SVHC"; Value = "No SVHC"; VariantName = "[No Variations]"
Change component parameters (AddParameter): Name = "RoHS Compliant"; Value = "Yes"; VariantName = "[No Variations]"
Change component parameters (AddParameter): Name = "Series"; Value = "-"; VariantName = "[No Variations]"
Change component parameters (AddParameter): Name = "Termination"; Value = "SMD/SMT"; VariantName = "[No Variations]"
Change component parameters (AddParameter): Name = "Voltage"; Value = "40V"; VariantName = "[No Variations]"
Change component parameters (AddParameter): Name = "Voltage Rating (DC)"; Value = "40V"; VariantName = "[No Variations]"
Change component parameters (AddParameter): Name = "Weight"; Value = "0.002258oz"; VariantName = "[No Variations]"
Change component parameters (AddParameter): Name = "Width"; Value = "2.92mm"; VariantName = "[No Variations]"
Change component parameters: Designator = "D2" ("D2"); Footprint = "FP-BAT60JFILM-MFG"; UniqueID = "\TQDRZQBV\EDMUCTXM" ("\TQDRZQBV\EDMUCTXM")
Change component parameters (AddParameter): Name = "Average Rectified Current"; Value = "3A"; VariantName = "[No Variations]"
Change component parameters (AddParameter): Name = "Contact Plating"; Value = "Tin"; VariantName = "[No Variations]"
Change component parameters (AddParameter): Name = "Current Rating"; Value = "3A"; VariantName = "[No Variations]"
Change component parameters (AddParameter): Name = "Element Configuration"; Value = "Single"; VariantName = "[No Variations]"
Change component parameters (AddParameter): Name = "Forward Current"; Value = "3A"; VariantName = "[No Variations]"
Change component parameters (AddParameter): Name = "Forward Voltage"; Value = "580mV"; VariantName = "[No Variations]"
Change component parameters (AddParameter): Name = "Height"; Value = "1.07mm"; VariantName = "[No Variations]"
Change component parameters (AddParameter): Name = "Lead Free"; Value = "Lead Free"; VariantName = "[No Variations]"
Change component parameters (AddParameter): Name = "Length"; Value = "1.8mm"; VariantName = "[No Variations]"
Change component parameters (AddParameter): Name = "Max Forward Surge Current (Ifsm)"; Value = "5A"; VariantName = "[No Variations]"
Change component parameters (AddParameter): Name = "Max Operating Temperature"; Value = "150°C"; VariantName = "[No Variations]"
Change component parameters (AddParameter): Name = "Max Repetitive Reverse Voltage (Vrrm)"; Value = "10V"; VariantName = "[No Variations]"
Change component parameters (AddParameter): Name = "Max Reverse Leakage Current"; Value = "7.5uA"; VariantName = "[No Variations]"
Change component parameters (AddParameter): Name = "Max Reverse Voltage (DC)"; Value = "10V"; VariantName = "[No Variations]"
Change component parameters (AddParameter): Name = "Max Surge Current"; Value = "5A"; VariantName = "[No Variations]"
Change component parameters (AddParameter): Name = "Min Operating Temperature"; Value = "-65°C"; VariantName = "[No Variations]"
Change component parameters (AddParameter): Name = "Mount"; Value = "Surface Mount"; VariantName = "[No Variations]"
Change component parameters (AddParameter): Name = "Number of Pins"; Value = "2"; VariantName = "[No Variations]"
Change component parameters (AddParameter): Name = "Output Current"; Value = "3A"; VariantName = "[No Variations]"
Change component parameters (AddParameter): Name = "Package Quantity"; Value = "1"; VariantName = "[No Variations]"
Change component parameters (AddParameter): Name = "Packaging"; Value = "Tape and Reel"; VariantName = "[No Variations]"
Change component parameters (AddParameter): Name = "Peak Non-Repetitive Surge Current"; Value = "5A"; VariantName = "[No Variations]"
Change component parameters (AddParameter): Name = "Peak Reverse Current"; Value = "7.5uA"; VariantName = "[No Variations]"
Change component parameters (AddParameter): Name = "Polarity"; Value = "Standard"; VariantName = "[No Variations]"
Change component parameters (AddParameter): Name = "Radiation Hardening"; Value = "No"; VariantName = "[No Variations]"
Change component parameters (AddParameter): Name = "REACH SVHC"; Value = "No SVHC"; VariantName = "[No Variations]"
Change component parameters (AddParameter): Name = "Voltage Rating (DC)"; Value = "10V"; VariantName = "[No Variations]"
Change component parameters (AddParameter): Name = "Weight"; Value = "0.01lb"; VariantName = "[No Variations]"
Change component parameters (AddParameter): Name = "Width"; Value = "1.45mm"; VariantName = "[No Variations]"
Change component parameters: Designator = "J1" ("J1"); Footprint = "PHOE-1729128-2_V"; UniqueID = "\TQDRZQBV\VBFPVQNL" ("\TQDRZQBV\VBFPVQNL")
Change component parameters (AddParameter): Name = "Current Rating"; Value = "13500mA"; VariantName = "[No Variations]"
Change component parameters (AddParameter): Name = "Datasheet URL"; Value = "https://datasheet.ciiva.com/16046/1729128-16046181.pdf"; VariantName = "[No Variations]"
Change component parameters (AddParameter): Name = "Datasheet Version"; Value = "12/2013"; VariantName = "[No Variations]"
Change component parameters (AddParameter): Name = "Manufacturer"; Value = "Phoenix Contact"; VariantName = "[No Variations]"
Change component parameters (AddParameter): Name = "Manufacturer URL"; Value = "http://www.phoenixcontact.com/"; VariantName = "[No Variations]"
Change component parameters (AddParameter): Name = "Mounting Technology"; Value = "ThroughHole"; VariantName = "[No Variations]"
Change component parameters (AddParameter): Name = "No. of Positions"; Value = "2"; VariantName = "[No Variations]"
Change component parameters (AddParameter): Name = "No. of Rows"; Value = "1"; VariantName = "[No Variations]"
Change component parameters (AddParameter): Name = "Orientation"; Value = "Horizontal"; VariantName = "[No Variations]"
Change component parameters (AddParameter): Name = "Package Description"; Value = "2-Pin Through Hole Device, Body 8.1 x 10.16 mm, Pitch 5.08 mm"; VariantName = "[No Variations]"
Change component parameters (AddParameter): Name = "Package Reference"; Value = "1729128-2"; VariantName = "[No Variations]"
Change component parameters (AddParameter): Name = "Package URL"; Value = "https://www.phoenixcontact.com/online/portal/pi/pxc/product_detail_page/!ut/p/b1/3VdJjqNKFDxLH8AFycySyWY2ozFsEPOMMQaDOX1XedGL_1Vdm5YXJleknhSKeBkvI6EA8ncAo3AYoDhBQGco6KN7VURTdemj9us_IEKEZo_YHiPAEWEFmDGOHMORkqKYCORBZxgL7ZoaZYcbFFUZ3fqxSY6GOuxydWUuHqz1ynmMFygu583Bob0Ewr6Sd_l-5m-kAueHiB0jpRwZwe58wwtkpxtMYd_LmGcDRU02dRNEyWt6Y2ti5pSyJ_reIkzIulrqApdnbT11V5jnCKbYNCvhEM1MCpPByat_X379-iThf08CI5GfOPqfBeS3BRoBOdD55AKVv0iLwCMq-2BrzXWSGRH7pUGD9uwXQjiph3xL0DKQwdGa0JImiIOmBNOestqgwTHSSs2oOep-78apyXQBvNi8ZLaFjvjWvcaUEBu0MC6Wbe-d6mB0FAebo2lUWinqYaZs5DAYzV0RP9yitUjnGJ0iI9xhZkT42OCQNUJJhkgWINNQLP2JFP6OpMg3JCVg70jqHT0lvKOnhHf0lPuOnnLf0VPuWx6_dxwUIvwk5WMkT0kLL1mh61l2yZVSzG3pYV_bqo-mj6uMKwKwdnnW8Jh5RTOJzMOA5c-eJDaZQw4mTMPH02PvS_ZAqNVjVTo2WyYLkwH_KU1mmmG5kjRhDqPXLwwVHvVOjCM60-fpXvTDfMGW1PVFVS1r4e4yVDk4ZdNbkUHvqPqQSeian4UD39fNKmachqdJ1NJbyk8rXT9mXTvPk3oE5meulKGgiruPJek-4I9hTT6G8ZLOyRSm2RRVbThERQad5OS28hdt4YW4vG0stgYYzsWsK4_7y6DZMjJSCqri1kyiZR5vD7pwIrNR7QwPHTcLTI5qT7eRlpHrdGiupYlqQDJ7zy_CND8fWWBoLRXxk1RVcXiBQwbTD4Xi7KL-FuO94t9xaqweXzH"; VariantName = "[No Variations]"
Change component parameters (AddParameter): Name = "Package Version"; Value = "03/2015"; VariantName = "[No Variations]"
Change component parameters (AddParameter): Name = "Packing"; Value = "Bulk"; VariantName = "[No Variations]"
Change component parameters (AddParameter): Name = "PartNumber"; Value = "1729128"; VariantName = "[No Variations]"
Change component parameters (AddParameter): Name = "Pitch"; Value = "5.08mm"; VariantName = "[No Variations]"
Change component parameters (AddParameter): Name = "RoHS"; Value = "TRUE"; VariantName = "[No Variations]"
Change component parameters (AddParameter): Name = "Voltage Rating"; Value = "400V"; VariantName = "[No Variations]"
Change component parameters: Designator = "L1" ("L1"); Footprint = "FP-IHLP-2525CZ-FP_2_413x3-MFG"; UniqueID = "\TQDRZQBV\HJSEFDNR" ("\TQDRZQBV\HJSEFDNR")
Change component parameters (AddParameter): Name = "Case Code (Imperial)"; Value = "2525"; VariantName = "[No Variations]"
Change component parameters (AddParameter): Name = "Case Code (Metric)"; Value = "6363"; VariantName = "[No Variations]"
Change component parameters (AddParameter): Name = "Case/Package"; Value = "2525"; VariantName = "[No Variations]"
Change component parameters (AddParameter): Name = "Contact Plating"; Value = "Tin"; VariantName = "[No Variations]"
Change component parameters (AddParameter): Name = "Core Material"; Value = "Metal"; VariantName = "[No Variations]"
Change component parameters (AddParameter): Name = "Current Rating"; Value = "4.5A"; VariantName = "[No Variations]"
Change component parameters (AddParameter): Name = "DC Resistance (DCR)"; Value = "60mR"; VariantName = "[No Variations]"
Change component parameters (AddParameter): Name = "Depth"; Value = "6.72mm"; VariantName = "[No Variations]"
Change component parameters (AddParameter): Name = "Height"; Value = "3mm"; VariantName = "[No Variations]"
Change component parameters (AddParameter): Name = "Height - Seated (Max)"; Value = "0.118inch"; VariantName = "[No Variations]"
Change component parameters (AddParameter): Name = "Inductance"; Value = "6.8uH"; VariantName = "[No Variations]"
Change component parameters (AddParameter): Name = "Inductance Tolerance"; Value = "20%"; VariantName = "[No Variations]"
Change component parameters (AddParameter): Name = "Lead Free"; Value = "Lead Free"; VariantName = "[No Variations]"
Change component parameters (AddParameter): Name = "Length"; Value = "7.24mm"; VariantName = "[No Variations]"
Change component parameters (AddParameter): Name = "Max DC Current"; Value = "8A"; VariantName = "[No Variations]"
Change component parameters (AddParameter): Name = "Max Operating Temperature"; Value = "125°C"; VariantName = "[No Variations]"
Change component parameters (AddParameter): Name = "Military Standard"; Value = "Not"; VariantName = "[No Variations]"
Change component parameters (AddParameter): Name = "Min Operating Temperature"; Value = "-55°C"; VariantName = "[No Variations]"
Change component parameters (AddParameter): Name = "Mount"; Value = "Surface Mount"; VariantName = "[No Variations]"
Change component parameters (AddParameter): Name = "Number of Pins"; Value = "2"; VariantName = "[No Variations]"
Change component parameters (AddParameter): Name = "Package Quantity"; Value = "2000"; VariantName = "[No Variations]"
Change component parameters (AddParameter): Name = "Packaging"; Value = "Tape and Reel"; VariantName = "[No Variations]"
Change component parameters (AddParameter): Name = "Radiation Hardening"; Value = "No"; VariantName = "[No Variations]"
Change component parameters (AddParameter): Name = "RMS Current (Irms)"; Value = "4.5A"; VariantName = "[No Variations]"
Change component parameters (AddParameter): Name = "Saturation Current"; Value = "8A"; VariantName = "[No Variations]"
Change component parameters (AddParameter): Name = "Self Resonant Frequency"; Value = "5MHz"; VariantName = "[No Variations]"
Change component parameters (AddParameter): Name = "Shielding"; Value = "Shielded"; VariantName = "[No Variations]"
Change component parameters (AddParameter): Name = "Termination"; Value = "SMD/SMT"; VariantName = "[No Variations]"
Change component parameters (AddParameter): Name = "Test Frequency"; Value = "100kHz"; VariantName = "[No Variations]"
Change component parameters (AddParameter): Name = "Tolerance"; Value = "20%"; VariantName = "[No Variations]"
Change component parameters (AddParameter): Name = "Width"; Value = "0.255inch"; VariantName = "[No Variations]"
Change component parameters: Designator = "U1" ("U1"); Footprint = "D0008A_M"; UniqueID = "\TQDRZQBV\JGXNZHYZ" ("\TQDRZQBV\JGXNZHYZ")
Change component parameters (AddParameter): Name = "Code_JEDEC"; Value = "MS-012AA"; VariantName = "[No Variations]"
Change component parameters (AddParameter): Name = "ComponentLink1Description"; Value = "Datasheet"; VariantName = "[No Variations]"
Change component parameters (AddParameter): Name = "ComponentLink1URL"; Value = "http://www.ti.com/general/docs/lit/getliterature.tsp?genericPartNumber=TPS54331&fileType=pdf"; VariantName = "[No Variations]"
Change component parameters (AddParameter): Name = "ComponentLink2Description"; Value = "Package Specification"; VariantName = "[No Variations]"
Change component parameters (AddParameter): Name = "ComponentLink2URL"; Value = "http://www.ti.com/litv/pdf/msoi002j"; VariantName = "[No Variations]"
Change component parameters (AddParameter): Name = "ComponentLink3Description"; Value = "URL Link1"; VariantName = "[No Variations]"
Change component parameters (AddParameter): Name = "ComponentLink3URL"; Value = "Samples URL:http://www.ti.com/product/tps54331#samples"; VariantName = "[No Variations]"
Change component parameters (AddParameter): Name = "DatasheetVersion"; Value = "SLVS839D"; VariantName = "[No Variations]"
Change component parameters (AddParameter): Name = "Duty Cycle(Max)(%)"; Value = "90"; VariantName = "[No Variations]"
Change component parameters (AddParameter): Name = "Eco-Plan"; Value = "Green (RoHS & no Sb/Br)"; VariantName = "[No Variations]"
Change component parameters (AddParameter): Name = "Iout(Max)(A)"; Value = "3"; VariantName = "[No Variations]"
Change component parameters (AddParameter): Name = "Iq(Typ)(mA)"; Value = "0.11"; VariantName = "[No Variations]"
Change component parameters (AddParameter): Name = "Manufacturer"; Value = "Texas Instruments"; VariantName = "[No Variations]"
Change component parameters (AddParameter): Name = "Mounting Technology"; Value = "Surface Mount"; VariantName = "[No Variations]"
Change component parameters (AddParameter): Name = "PackageDescription"; Value = "8-Pin Plastic Small Outline Integrated Circuit, 4.9 x 3.9 mm, Pitch 1.27 mm Pitch"; VariantName = "[No Variations]"
Change component parameters (AddParameter): Name = "PackageReference"; Value = "D0008A"; VariantName = "[No Variations]"
Change component parameters (AddParameter): Name = "PackageVersion"; Value = "revM, Jun-2011"; VariantName = "[No Variations]"
Change component parameters (AddParameter): Name = "PartNumber"; Value = "TPS54331D"; VariantName = "[No Variations]"
Change component parameters (AddParameter): Name = "Rating"; Value = "Catalog"; VariantName = "[No Variations]"
Change component parameters (AddParameter): Name = "Regulated Outputs(#)"; Value = "1"; VariantName = "[No Variations]"
Change component parameters (AddParameter): Name = "SubFamily"; Value = "Step-Down Regulator"; VariantName = "[No Variations]"
Change component parameters (AddParameter): Name = "Switch Current Limit(Typ)(A)"; Value = "3.5"; VariantName = "[No Variations]"
Change component parameters (AddParameter): Name = "Topology"; Value = "Buck"; VariantName = "[No Variations]"
Change component parameters (AddParameter): Name = "Vin(Max)(V)"; Value = "28"; VariantName = "[No Variations]"
Change component parameters (AddParameter): Name = "Vin(Min)(V)"; Value = "3.5"; VariantName = "[No Variations]"
Change component parameters (AddParameter): Name = "Vout(Max)(V)"; Value = "25"; VariantName = "[No Variations]"
Change component parameters (AddParameter): Name = "Vout(Min)(V)"; Value = "0.8"; VariantName = "[No Variations]"
Change component parameters: Designator = "U2" ("U2"); Footprint = "FP-TO263-3LD-PL-1-MFG"; UniqueID = "\TQDRZQBV\WFNJQSAE" ("\TQDRZQBV\WFNJQSAE")
Change component parameters (AddParameter): Name = "Case/Package"; Value = "TO-263-4"; VariantName = "[No Variations]"
Change component parameters (AddParameter): Name = "Dropout Voltage"; Value = "370mV"; VariantName = "[No Variations]"
Change component parameters (AddParameter): Name = "Lead Free"; Value = "Lead Free"; VariantName = "[No Variations]"
Change component parameters (AddParameter): Name = "Max Operating Temperature"; Value = "125°C"; VariantName = "[No Variations]"
Change component parameters (AddParameter): Name = "Min Operating Temperature"; Value = "-40°C"; VariantName = "[No Variations]"
Change component parameters (AddParameter): Name = "Mount"; Value = "Surface Mount"; VariantName = "[No Variations]"
Change component parameters (AddParameter): Name = "Number of Regulators"; Value = "1"; VariantName = "[No Variations]"
Change component parameters (AddParameter): Name = "Output Current"; Value = "3A"; VariantName = "[No Variations]"
Change component parameters (AddParameter): Name = "Output Voltage"; Value = "3.3V"; VariantName = "[No Variations]"
Change component parameters (AddParameter): Name = "Packaging"; Value = "Tape and Reel"; VariantName = "[No Variations]"
Change component parameters: Designator = "U3" ("U3"); Footprint = "KTT0003B_N"; UniqueID = "\TQDRZQBV\MOFYWVKZ" ("\TQDRZQBV\MOFYWVKZ")
Change component parameters (AddParameter): Name = "Code_IPC"; Value = ""; VariantName = "[No Variations]"
Change component parameters (AddParameter): Name = "Code_JEDEC"; Value = "MO-169-AA"; VariantName = "[No Variations]"
Change component parameters (AddParameter): Name = "Code_JEITA"; Value = ""; VariantName = "[No Variations]"
Change component parameters (AddParameter): Name = "ComponentLink1Description"; Value = "Datasheet URL"; VariantName = "[No Variations]"
Change component parameters (AddParameter): Name = "ComponentLink1URL"; Value = "http://www.ti.com/general/docs/lit/getliterature.tsp?genericPartNumber=LM340&fileType=pdf"; VariantName = "[No Variations]"
Change component parameters (AddParameter): Name = "CompType"; Value = "LDO IC"; VariantName = "[No Variations]"
Change component parameters (AddParameter): Name = "High-Reliability"; Value = ""; VariantName = "[No Variations]"
Change component parameters (AddParameter): Name = "Manufacturer"; Value = "Texas Instruments"; VariantName = "[No Variations]"
Change component parameters (AddParameter): Name = "PackageDescription"; Value = "TO-263, Molded, .400 x .390 x .180in, 3 Lead, .1in Pitch, Surface Mount"; VariantName = "[No Variations]"
Change component parameters (AddParameter): Name = "PackageReference"; Value = "KTT0003B"; VariantName = "[No Variations]"
Change component parameters (AddParameter): Name = "PackageTopMarking"; Value = "NSUZXYTTE#*LM340S*-12 P+"; VariantName = "[No Variations]"
Change component parameters (AddParameter): Name = "PartNumber"; Value = ""; VariantName = "[No Variations]"
Change component parameters (AddParameter): Name = "PinCount"; Value = "3"; VariantName = "[No Variations]"
Change component parameters (AddParameter): Name = "PowerWise"; Value = "N"; VariantName = "[No Variations]"
Change component parameters (AddParameter): Name = "RoHS"; Value = "Y"; VariantName = "[No Variations]"
Added Room: Name=Mikrokontroler i podzespo³y
